{"C:\\Users\\lucas\\repos\\papo-comtxae\\src\\frontend\\components\\AuthCheck.tsx": {"path":"C:\\Users\\lucas\\repos\\papo-comtxae\\src\\frontend\\components\\AuthCheck.tsx","statementMap":{"0":{"start":{"line":14,"column":13},"end":{"line":14,"column":22}},"1":{"start":{"line":46,"column":0},"end":{"line":46,"column":15}},"2":{"start":{"line":1,"column":33},"end":{"line":1,"column":null}},"3":{"start":{"line":2,"column":27},"end":{"line":2,"column":null}},"4":{"start":{"line":3,"column":26},"end":{"line":3,"column":null}},"5":{"start":{"line":14,"column":51},"end":{"line":44,"column":null}},"6":{"start":{"line":18,"column":36},"end":{"line":18,"column":null}},"7":{"start":{"line":19,"column":18},"end":{"line":19,"column":null}},"8":{"start":{"line":20,"column":17},"end":{"line":20,"column":null}},"9":{"start":{"line":22,"column":2},"end":{"line":26,"column":null}},"10":{"start":{"line":23,"column":4},"end":{"line":25,"column":null}},"11":{"start":{"line":24,"column":6},"end":{"line":24,"column":null}},"12":{"start":{"line":28,"column":2},"end":{"line":37,"column":null}},"13":{"start":{"line":39,"column":2},"end":{"line":41,"column":null}},"14":{"start":{"line":40,"column":4},"end":{"line":40,"column":null}},"15":{"start":{"line":46,"column":15},"end":{"line":46,"column":25}}},"fnMap":{"0":{"name":"(anonymous_6)","decl":{"start":{"line":14,"column":51},"end":{"line":14,"column":52}},"loc":{"start":{"line":17,"column":1},"end":{"line":44,"column":null}}},"1":{"name":"(anonymous_7)","decl":{"start":{"line":22,"column":12},"end":{"line":22,"column":null}},"loc":{"start":{"line":22,"column":12},"end":{"line":26,"column":5}}}},"branchMap":{"0":{"loc":{"start":{"line":16,"column":2},"end":{"line":16,"column":28}},"type":"default-arg","locations":[{"start":{"line":16,"column":15},"end":{"line":16,"column":28}}]},"1":{"loc":{"start":{"line":23,"column":4},"end":{"line":25,"column":null}},"type":"if","locations":[{"start":{"line":23,"column":4},"end":{"line":25,"column":null}}]},"2":{"loc":{"start":{"line":23,"column":8},"end":{"line":23,"column":30}},"type":"binary-expr","locations":[{"start":{"line":23,"column":8},"end":{"line":23,"column":20}},{"start":{"line":23,"column":20},"end":{"line":23,"column":30}}]},"3":{"loc":{"start":{"line":28,"column":2},"end":{"line":37,"column":null}},"type":"if","locations":[{"start":{"line":28,"column":2},"end":{"line":37,"column":null}}]},"4":{"loc":{"start":{"line":39,"column":2},"end":{"line":41,"column":null}},"type":"if","locations":[{"start":{"line":39,"column":2},"end":{"line":41,"column":null}}]}},"s":{"0":0,"1":0,"2":0,"3":0,"4":0,"5":0,"6":0,"7":0,"8":0,"9":0,"10":0,"11":0,"12":0,"13":0,"14":0,"15":0},"f":{"0":0,"1":0},"b":{"0":[0],"1":[0],"2":[0,0],"3":[0],"4":[0]}}
,"C:\\Users\\lucas\\repos\\papo-comtxae\\src\\frontend\\components\\index.ts": {"path":"C:\\Users\\lucas\\repos\\papo-comtxae\\src\\frontend\\components\\index.ts","statementMap":{"0":{"start":{"line":23,"column":2},"end":{"line":23,"column":null}},"1":{"start":{"line":30,"column":2},"end":{"line":30,"column":null}},"2":{"start":{"line":15,"column":2},"end":{"line":15,"column":null}},"3":{"start":{"line":14,"column":2},"end":{"line":14,"column":null}},"4":{"start":{"line":13,"column":2},"end":{"line":13,"column":null}},"5":{"start":{"line":28,"column":2},"end":{"line":28,"column":null}},"6":{"start":{"line":31,"column":2},"end":{"line":31,"column":null}},"7":{"start":{"line":29,"column":2},"end":{"line":29,"column":null}},"8":{"start":{"line":16,"column":2},"end":{"line":16,"column":null}},"9":{"start":{"line":17,"column":7},"end":{"line":17,"column":null}},"10":{"start":{"line":18,"column":14},"end":{"line":18,"column":null}},"11":{"start":{"line":19,"column":14},"end":{"line":19,"column":null}},"12":{"start":{"line":24,"column":7},"end":{"line":24,"column":null}},"13":{"start":{"line":32,"column":7},"end":{"line":32,"column":null}}},"fnMap":{},"branchMap":{},"s":{"0":0,"1":0,"2":0,"3":0,"4":0,"5":0,"6":0,"7":0,"8":0,"9":0,"10":0,"11":0,"12":0,"13":0},"f":{},"b":{}}
,"C:\\Users\\lucas\\repos\\papo-comtxae\\src\\frontend\\components\\form\\AssociationSelection.tsx": {"path":"C:\\Users\\lucas\\repos\\papo-comtxae\\src\\frontend\\components\\form\\AssociationSelection.tsx","statementMap":{"0":{"start":{"line":23,"column":16},"end":{"line":23,"column":36}},"1":{"start":{"line":232,"column":0},"end":{"line":232,"column":15}},"2":{"start":{"line":1,"column":43},"end":{"line":1,"column":null}},"3":{"start":{"line":2,"column":23},"end":{"line":2,"column":null}},"4":{"start":{"line":3,"column":18},"end":{"line":3,"column":null}},"5":{"start":{"line":4,"column":26},"end":{"line":4,"column":null}},"6":{"start":{"line":5,"column":25},"end":{"line":5,"column":null}},"7":{"start":{"line":7,"column":16},"end":{"line":7,"column":null}},"8":{"start":{"line":28,"column":42},"end":{"line":50,"column":null}},"9":{"start":{"line":52,"column":58},"end":{"line":52,"column":null}},"10":{"start":{"line":53,"column":42},"end":{"line":53,"column":null}},"11":{"start":{"line":54,"column":24},"end":{"line":54,"column":null}},"12":{"start":{"line":55,"column":17},"end":{"line":55,"column":null}},"13":{"start":{"line":57,"column":28},"end":{"line":65,"column":null}},"14":{"start":{"line":58,"column":4},"end":{"line":64,"column":null}},"15":{"start":{"line":59,"column":6},"end":{"line":63,"column":null}},"16":{"start":{"line":60,"column":8},"end":{"line":60,"column":null}},"17":{"start":{"line":60,"column":33},"end":{"line":60,"column":null}},"18":{"start":{"line":62,"column":8},"end":{"line":62,"column":null}},"19":{"start":{"line":67,"column":23},"end":{"line":114,"column":null}},"20":{"start":{"line":68,"column":4},"end":{"line":75,"column":null}},"21":{"start":{"line":69,"column":6},"end":{"line":73,"column":null}},"22":{"start":{"line":74,"column":6},"end":{"line":74,"column":null}},"23":{"start":{"line":77,"column":4},"end":{"line":77,"column":null}},"24":{"start":{"line":79,"column":4},"end":{"line":113,"column":null}},"25":{"start":{"line":81,"column":6},"end":{"line":83,"column":null}},"26":{"start":{"line":86,"column":6},"end":{"line":88,"column":null}},"27":{"start":{"line":90,"column":6},"end":{"line":95,"column":null}},"28":{"start":{"line":98,"column":6},"end":{"line":102,"column":null}},"29":{"start":{"line":99,"column":8},"end":{"line":99,"column":null}},"30":{"start":{"line":101,"column":8},"end":{"line":101,"column":null}},"31":{"start":{"line":101,"column":25},"end":{"line":101,"column":52}},"32":{"start":{"line":105,"column":6},"end":{"line":105,"column":null}},"33":{"start":{"line":106,"column":6},"end":{"line":110,"column":null}},"34":{"start":{"line":112,"column":6},"end":{"line":112,"column":null}},"35":{"start":{"line":117,"column":23},"end":{"line":127,"column":null}},"36":{"start":{"line":119,"column":29},"end":{"line":126,"column":null}},"37":{"start":{"line":165,"column":12},"end":{"line":166,"column":null}},"38":{"start":{"line":172,"column":29},"end":{"line":172,"column":null}},"39":{"start":{"line":232,"column":15},"end":{"line":232,"column":36}}},"fnMap":{"0":{"name":"AssociationSelection","decl":{"start":{"line":23,"column":16},"end":{"line":23,"column":36}},"loc":{"start":{"line":27,"column":28},"end":{"line":229,"column":null}}},"1":{"name":"(anonymous_8)","decl":{"start":{"line":57,"column":28},"end":{"line":57,"column":29}},"loc":{"start":{"line":57,"column":29},"end":{"line":65,"column":null}}},"2":{"name":"(anonymous_9)","decl":{"start":{"line":58,"column":28},"end":{"line":58,"column":null}},"loc":{"start":{"line":58,"column":28},"end":{"line":64,"column":null}}},"3":{"name":"(anonymous_10)","decl":{"start":{"line":60,"column":27},"end":{"line":60,"column":33}},"loc":{"start":{"line":60,"column":33},"end":{"line":60,"column":null}}},"4":{"name":"(anonymous_11)","decl":{"start":{"line":67,"column":23},"end":{"line":67,"column":null}},"loc":{"start":{"line":67,"column":23},"end":{"line":114,"column":null}}},"5":{"name":"(anonymous_12)","decl":{"start":{"line":101,"column":19},"end":{"line":101,"column":25}},"loc":{"start":{"line":101,"column":25},"end":{"line":101,"column":52}}},"6":{"name":"(anonymous_13)","decl":{"start":{"line":119,"column":13},"end":{"line":119,"column":14}},"loc":{"start":{"line":119,"column":29},"end":{"line":126,"column":null}}},"7":{"name":"(anonymous_14)","decl":{"start":{"line":164,"column":28},"end":{"line":164,"column":29}},"loc":{"start":{"line":165,"column":12},"end":{"line":166,"column":null}}},"8":{"name":"(anonymous_15)","decl":{"start":{"line":172,"column":23},"end":{"line":172,"column":29}},"loc":{"start":{"line":172,"column":29},"end":{"line":172,"column":null}}}},"branchMap":{"0":{"loc":{"start":{"line":7,"column":16},"end":{"line":7,"column":null}},"type":"binary-expr","locations":[{"start":{"line":7,"column":16},"end":{"line":7,"column":47}},{"start":{"line":7,"column":51},"end":{"line":7,"column":null}}]},"1":{"loc":{"start":{"line":26,"column":2},"end":{"line":26,"column":16}},"type":"default-arg","locations":[{"start":{"line":26,"column":14},"end":{"line":26,"column":16}}]},"2":{"loc":{"start":{"line":59,"column":6},"end":{"line":63,"column":null}},"type":"if","locations":[{"start":{"line":59,"column":6},"end":{"line":63,"column":null}},{"start":{"line":61,"column":13},"end":{"line":63,"column":null}}]},"3":{"loc":{"start":{"line":68,"column":4},"end":{"line":75,"column":null}},"type":"if","locations":[{"start":{"line":68,"column":4},"end":{"line":75,"column":null}}]},"4":{"loc":{"start":{"line":98,"column":6},"end":{"line":102,"column":null}},"type":"if","locations":[{"start":{"line":98,"column":6},"end":{"line":102,"column":null}},{"start":{"line":100,"column":13},"end":{"line":102,"column":null}}]},"5":{"loc":{"start":{"line":170,"column":16},"end":{"line":170,"column":null}},"type":"cond-expr","locations":[{"start":{"line":170,"column":65},"end":{"line":170,"column":89}},{"start":{"line":170,"column":89},"end":{"line":170,"column":null}}]},"6":{"loc":{"start":{"line":179,"column":19},"end":{"line":179,"column":null}},"type":"binary-expr","locations":[{"start":{"line":179,"column":19},"end":{"line":179,"column":null}}]},"7":{"loc":{"start":{"line":205,"column":13},"end":{"line":213,"column":null}},"type":"cond-expr","locations":[{"start":{"line":206,"column":14},"end":{"line":210,"column":37}},{"start":{"line":210,"column":16},"end":{"line":213,"column":null}}]},"8":{"loc":{"start":{"line":210,"column":16},"end":{"line":213,"column":null}},"type":"cond-expr","locations":[{"start":{"line":211,"column":14},"end":{"line":211,"column":75}},{"start":{"line":213,"column":14},"end":{"line":213,"column":null}}]}},"s":{"0":0,"1":0,"2":0,"3":0,"4":0,"5":0,"6":0,"7":0,"8":0,"9":0,"10":0,"11":0,"12":0,"13":0,"14":0,"15":0,"16":0,"17":0,"18":0,"19":0,"20":0,"21":0,"22":0,"23":0,"24":0,"25":0,"26":0,"27":0,"28":0,"29":0,"30":0,"31":0,"32":0,"33":0,"34":0,"35":0,"36":0,"37":0,"38":0,"39":0},"f":{"0":0,"1":0,"2":0,"3":0,"4":0,"5":0,"6":0,"7":0,"8":0},"b":{"0":[0,0],"1":[0],"2":[0,0],"3":[0],"4":[0,0],"5":[0,0],"6":[0],"7":[0,0],"8":[0,0]}}
,"C:\\Users\\lucas\\repos\\papo-comtxae\\src\\frontend\\components\\form\\index.ts": {"path":"C:\\Users\\lucas\\repos\\papo-comtxae\\src\\frontend\\components\\form\\index.ts","statementMap":{"0":{"start":{"line":11,"column":9},"end":{"line":11,"column":37}},"1":{"start":{"line":11,"column":37},"end":{"line":11,"column":null}}},"fnMap":{},"branchMap":{},"s":{"0":0,"1":0},"f":{},"b":{}}
,"C:\\Users\\lucas\\repos\\papo-comtxae\\src\\frontend\\components\\speech\\EnhancedVoiceButton.tsx": {"path":"C:\\Users\\lucas\\repos\\papo-comtxae\\src\\frontend\\components\\speech\\EnhancedVoiceButton.tsx","statementMap":{"0":{"start":{"line":26,"column":16},"end":{"line":26,"column":36}},"1":{"start":{"line":1,"column":51},"end":{"line":1,"column":null}},"2":{"start":{"line":2,"column":48},"end":{"line":2,"column":null}},"3":{"start":{"line":3,"column":40},"end":{"line":3,"column":null}},"4":{"start":{"line":39,"column":36},"end":{"line":39,"column":null}},"5":{"start":{"line":40,"column":40},"end":{"line":40,"column":null}},"6":{"start":{"line":41,"column":20},"end":{"line":41,"column":null}},"7":{"start":{"line":44,"column":2},"end":{"line":46,"column":null}},"8":{"start":{"line":45,"column":4},"end":{"line":45,"column":null}},"9":{"start":{"line":49,"column":2},"end":{"line":70,"column":null}},"10":{"start":{"line":50,"column":27},"end":{"line":58,"column":null}},"11":{"start":{"line":51,"column":6},"end":{"line":57,"column":null}},"12":{"start":{"line":52,"column":8},"end":{"line":52,"column":null}},"13":{"start":{"line":53,"column":8},"end":{"line":53,"column":null}},"14":{"start":{"line":54,"column":13},"end":{"line":57,"column":null}},"15":{"start":{"line":55,"column":8},"end":{"line":55,"column":null}},"16":{"start":{"line":56,"column":8},"end":{"line":56,"column":null}},"17":{"start":{"line":60,"column":19},"end":{"line":60,"column":36}},"18":{"start":{"line":61,"column":4},"end":{"line":63,"column":null}},"19":{"start":{"line":62,"column":6},"end":{"line":62,"column":null}},"20":{"start":{"line":65,"column":4},"end":{"line":69,"column":null}},"21":{"start":{"line":66,"column":6},"end":{"line":68,"column":null}},"22":{"start":{"line":67,"column":8},"end":{"line":67,"column":null}},"23":{"start":{"line":73,"column":32},"end":{"line":79,"column":null}},"24":{"start":{"line":74,"column":4},"end":{"line":78,"column":null}},"25":{"start":{"line":75,"column":6},"end":{"line":77,"column":null}},"26":{"start":{"line":76,"column":8},"end":{"line":76,"column":null}},"27":{"start":{"line":81,"column":32},"end":{"line":93,"column":null}},"28":{"start":{"line":82,"column":4},"end":{"line":82,"column":null}},"29":{"start":{"line":82,"column":31},"end":{"line":82,"column":null}},"30":{"start":{"line":84,"column":30},"end":{"line":84,"column":null}},"31":{"start":{"line":85,"column":4},"end":{"line":85,"column":null}},"32":{"start":{"line":86,"column":4},"end":{"line":86,"column":null}},"33":{"start":{"line":88,"column":4},"end":{"line":92,"column":null}},"34":{"start":{"line":89,"column":6},"end":{"line":89,"column":null}},"35":{"start":{"line":91,"column":6},"end":{"line":91,"column":null}},"36":{"start":{"line":96,"column":25},"end":{"line":105,"column":null}},"37":{"start":{"line":97,"column":4},"end":{"line":104,"column":null}},"38":{"start":{"line":99,"column":8},"end":{"line":99,"column":null}},"39":{"start":{"line":101,"column":8},"end":{"line":101,"column":null}},"40":{"start":{"line":103,"column":8},"end":{"line":103,"column":null}},"41":{"start":{"line":108,"column":29},"end":{"line":112,"column":null}},"42":{"start":{"line":109,"column":4},"end":{"line":109,"column":null}},"43":{"start":{"line":109,"column":25},"end":{"line":109,"column":null}},"44":{"start":{"line":110,"column":4},"end":{"line":110,"column":null}},"45":{"start":{"line":110,"column":25},"end":{"line":110,"column":null}},"46":{"start":{"line":111,"column":4},"end":{"line":111,"column":null}},"47":{"start":{"line":130,"column":28},"end":{"line":130,"column":null}},"48":{"start":{"line":131,"column":28},"end":{"line":131,"column":null}},"49":{"start":{"line":132,"column":23},"end":{"line":132,"column":null}},"50":{"start":{"line":133,"column":22},"end":{"line":133,"column":null}}},"fnMap":{"0":{"name":"EnhancedVoiceButton","decl":{"start":{"line":26,"column":16},"end":{"line":26,"column":36}},"loc":{"start":{"line":38,"column":27},"end":{"line":209,"column":null}}},"1":{"name":"(anonymous_5)","decl":{"start":{"line":44,"column":12},"end":{"line":44,"column":null}},"loc":{"start":{"line":44,"column":12},"end":{"line":46,"column":5}}},"2":{"name":"(anonymous_6)","decl":{"start":{"line":49,"column":12},"end":{"line":49,"column":null}},"loc":{"start":{"line":49,"column":12},"end":{"line":70,"column":5}}},"3":{"name":"(anonymous_7)","decl":{"start":{"line":50,"column":27},"end":{"line":50,"column":28}},"loc":{"start":{"line":50,"column":28},"end":{"line":58,"column":null}}},"4":{"name":"(anonymous_8)","decl":{"start":{"line":65,"column":11},"end":{"line":65,"column":null}},"loc":{"start":{"line":65,"column":11},"end":{"line":69,"column":null}}},"5":{"name":"(anonymous_9)","decl":{"start":{"line":73,"column":32},"end":{"line":73,"column":null}},"loc":{"start":{"line":73,"column":32},"end":{"line":79,"column":null}}},"6":{"name":"(anonymous_10)","decl":{"start":{"line":81,"column":32},"end":{"line":81,"column":null}},"loc":{"start":{"line":81,"column":32},"end":{"line":93,"column":null}}},"7":{"name":"(anonymous_11)","decl":{"start":{"line":96,"column":25},"end":{"line":96,"column":null}},"loc":{"start":{"line":96,"column":25},"end":{"line":105,"column":null}}},"8":{"name":"(anonymous_12)","decl":{"start":{"line":108,"column":29},"end":{"line":108,"column":null}},"loc":{"start":{"line":108,"column":29},"end":{"line":112,"column":null}}},"9":{"name":"(anonymous_13)","decl":{"start":{"line":130,"column":22},"end":{"line":130,"column":28}},"loc":{"start":{"line":130,"column":28},"end":{"line":130,"column":null}}},"10":{"name":"(anonymous_14)","decl":{"start":{"line":131,"column":22},"end":{"line":131,"column":28}},"loc":{"start":{"line":131,"column":28},"end":{"line":131,"column":null}}},"11":{"name":"(anonymous_15)","decl":{"start":{"line":132,"column":17},"end":{"line":132,"column":23}},"loc":{"start":{"line":132,"column":23},"end":{"line":132,"column":null}}},"12":{"name":"(anonymous_16)","decl":{"start":{"line":133,"column":16},"end":{"line":133,"column":22}},"loc":{"start":{"line":133,"column":22},"end":{"line":133,"column":null}}}},"branchMap":{"0":{"loc":{"start":{"line":30,"column":2},"end":{"line":30,"column":16}},"type":"default-arg","locations":[{"start":{"line":30,"column":14},"end":{"line":30,"column":16}}]},"1":{"loc":{"start":{"line":31,"column":2},"end":{"line":31,"column":22}},"type":"default-arg","locations":[{"start":{"line":31,"column":15},"end":{"line":31,"column":22}}]},"2":{"loc":{"start":{"line":32,"column":2},"end":{"line":32,"column":21}},"type":"default-arg","locations":[{"start":{"line":32,"column":16},"end":{"line":32,"column":21}}]},"3":{"loc":{"start":{"line":33,"column":2},"end":{"line":33,"column":18}},"type":"default-arg","locations":[{"start":{"line":33,"column":13},"end":{"line":33,"column":18}}]},"4":{"loc":{"start":{"line":34,"column":2},"end":{"line":34,"column":19}},"type":"default-arg","locations":[{"start":{"line":34,"column":14},"end":{"line":34,"column":19}}]},"5":{"loc":{"start":{"line":35,"column":2},"end":{"line":35,"column":12}},"type":"default-arg","locations":[{"start":{"line":35,"column":10},"end":{"line":35,"column":12}}]},"6":{"loc":{"start":{"line":36,"column":2},"end":{"line":36,"column":16}},"type":"default-arg","locations":[{"start":{"line":36,"column":15},"end":{"line":36,"column":16}}]},"7":{"loc":{"start":{"line":37,"column":2},"end":{"line":37,"column":13}},"type":"default-arg","locations":[{"start":{"line":37,"column":9},"end":{"line":37,"column":13}}]},"8":{"loc":{"start":{"line":51,"column":6},"end":{"line":57,"column":null}},"type":"if","locations":[{"start":{"line":51,"column":6},"end":{"line":57,"column":null}},{"start":{"line":54,"column":13},"end":{"line":57,"column":null}}]},"9":{"loc":{"start":{"line":51,"column":10},"end":{"line":51,"column":54}},"type":"binary-expr","locations":[{"start":{"line":51,"column":10},"end":{"line":51,"column":35}},{"start":{"line":51,"column":35},"end":{"line":51,"column":54}}]},"10":{"loc":{"start":{"line":54,"column":13},"end":{"line":57,"column":null}},"type":"if","locations":[{"start":{"line":54,"column":13},"end":{"line":57,"column":null}}]},"11":{"loc":{"start":{"line":54,"column":17},"end":{"line":54,"column":54}},"type":"binary-expr","locations":[{"start":{"line":54,"column":17},"end":{"line":54,"column":43}},{"start":{"line":54,"column":43},"end":{"line":54,"column":54}}]},"12":{"loc":{"start":{"line":61,"column":4},"end":{"line":63,"column":null}},"type":"if","locations":[{"start":{"line":61,"column":4},"end":{"line":63,"column":null}}]},"13":{"loc":{"start":{"line":66,"column":6},"end":{"line":68,"column":null}},"type":"if","locations":[{"start":{"line":66,"column":6},"end":{"line":68,"column":null}}]},"14":{"loc":{"start":{"line":74,"column":4},"end":{"line":78,"column":null}},"type":"if","locations":[{"start":{"line":74,"column":4},"end":{"line":78,"column":null}}]},"15":{"loc":{"start":{"line":74,"column":8},"end":{"line":74,"column":64}},"type":"binary-expr","locations":[{"start":{"line":74,"column":8},"end":{"line":74,"column":41}},{"start":{"line":74,"column":41},"end":{"line":74,"column":64}}]},"16":{"loc":{"start":{"line":75,"column":6},"end":{"line":77,"column":null}},"type":"if","locations":[{"start":{"line":75,"column":6},"end":{"line":77,"column":null}}]},"17":{"loc":{"start":{"line":76,"column":26},"end":{"line":76,"column":null}},"type":"cond-expr","locations":[{"start":{"line":76,"column":38},"end":{"line":76,"column":46}},{"start":{"line":76,"column":46},"end":{"line":76,"column":null}}]},"18":{"loc":{"start":{"line":82,"column":4},"end":{"line":82,"column":null}},"type":"if","locations":[{"start":{"line":82,"column":4},"end":{"line":82,"column":null}}]},"19":{"loc":{"start":{"line":82,"column":8},"end":{"line":82,"column":31}},"type":"binary-expr","locations":[{"start":{"line":82,"column":8},"end":{"line":82,"column":20}},{"start":{"line":82,"column":20},"end":{"line":82,"column":31}}]},"20":{"loc":{"start":{"line":88,"column":4},"end":{"line":92,"column":null}},"type":"if","locations":[{"start":{"line":88,"column":4},"end":{"line":92,"column":null}},{"start":{"line":90,"column":11},"end":{"line":92,"column":null}}]},"21":{"loc":{"start":{"line":97,"column":4},"end":{"line":104,"column":null}},"type":"switch","locations":[{"start":{"line":98,"column":6},"end":{"line":99,"column":null}},{"start":{"line":100,"column":6},"end":{"line":101,"column":null}},{"start":{"line":102,"column":6},"end":{"line":103,"column":null}}]},"22":{"loc":{"start":{"line":109,"column":4},"end":{"line":109,"column":null}},"type":"if","locations":[{"start":{"line":109,"column":4},"end":{"line":109,"column":null}}]},"23":{"loc":{"start":{"line":110,"column":4},"end":{"line":110,"column":null}},"type":"if","locations":[{"start":{"line":110,"column":4},"end":{"line":110,"column":null}}]},"24":{"loc":{"start":{"line":119,"column":12},"end":{"line":119,"column":52}},"type":"cond-expr","locations":[{"start":{"line":119,"column":24},"end":{"line":119,"column":38}},{"start":{"line":119,"column":38},"end":{"line":119,"column":52}}]},"25":{"loc":{"start":{"line":121,"column":12},"end":{"line":121,"column":37}},"type":"cond-expr","locations":[{"start":{"line":121,"column":20},"end":{"line":121,"column":34}},{"start":{"line":121,"column":34},"end":{"line":121,"column":37}}]},"26":{"loc":{"start":{"line":124,"column":18},"end":{"line":124,"column":null}},"type":"binary-expr","locations":[{"start":{"line":124,"column":18},"end":{"line":124,"column":30}},{"start":{"line":124,"column":30},"end":{"line":124,"column":null}}]},"27":{"loc":{"start":{"line":125,"column":20},"end":{"line":125,"column":null}},"type":"cond-expr","locations":[{"start":{"line":125,"column":32},"end":{"line":125,"column":52}},{"start":{"line":125,"column":52},"end":{"line":125,"column":null}}]},"28":{"loc":{"start":{"line":127,"column":23},"end":{"line":127,"column":null}},"type":"binary-expr","locations":[{"start":{"line":127,"column":23},"end":{"line":127,"column":35}},{"start":{"line":127,"column":35},"end":{"line":127,"column":null}}]},"29":{"loc":{"start":{"line":128,"column":26},"end":{"line":128,"column":null}},"type":"cond-expr","locations":[{"start":{"line":128,"column":34},"end":{"line":128,"column":57}},{"start":{"line":128,"column":57},"end":{"line":128,"column":null}}]},"30":{"loc":{"start":{"line":134,"column":29},"end":{"line":134,"column":62}},"type":"cond-expr","locations":[{"start":{"line":134,"column":53},"end":{"line":134,"column":57}},{"start":{"line":134,"column":57},"end":{"line":134,"column":62}}]},"31":{"loc":{"start":{"line":134,"column":29},"end":{"line":134,"column":53}},"type":"binary-expr","locations":[{"start":{"line":134,"column":29},"end":{"line":134,"column":41}},{"start":{"line":134,"column":41},"end":{"line":134,"column":53}}]},"32":{"loc":{"start":{"line":135,"column":27},"end":{"line":135,"column":60}},"type":"cond-expr","locations":[{"start":{"line":135,"column":51},"end":{"line":135,"column":55}},{"start":{"line":135,"column":55},"end":{"line":135,"column":60}}]},"33":{"loc":{"start":{"line":135,"column":27},"end":{"line":135,"column":51}},"type":"binary-expr","locations":[{"start":{"line":135,"column":27},"end":{"line":135,"column":39}},{"start":{"line":135,"column":39},"end":{"line":135,"column":51}}]},"34":{"loc":{"start":{"line":146,"column":13},"end":{"line":151,"column":null}},"type":"cond-expr","locations":[{"start":{"line":147,"column":14},"end":{"line":148,"column":null}},{"start":{"line":148,"column":16},"end":{"line":151,"column":null}}]},"35":{"loc":{"start":{"line":148,"column":16},"end":{"line":151,"column":null}},"type":"cond-expr","locations":[{"start":{"line":149,"column":14},"end":{"line":149,"column":null}},{"start":{"line":151,"column":14},"end":{"line":151,"column":null}}]},"36":{"loc":{"start":{"line":140,"column":17},"end":{"line":140,"column":null}},"type":"cond-expr","locations":[{"start":{"line":140,"column":29},"end":{"line":140,"column":41}},{"start":{"line":140,"column":41},"end":{"line":140,"column":null}}]},"37":{"loc":{"start":{"line":140,"column":41},"end":{"line":140,"column":null}},"type":"cond-expr","locations":[{"start":{"line":140,"column":53},"end":{"line":140,"column":62}},{"start":{"line":140,"column":62},"end":{"line":140,"column":null}}]},"38":{"loc":{"start":{"line":158,"column":9},"end":{"line":158,"column":22}},"type":"binary-expr","locations":[{"start":{"line":158,"column":9},"end":{"line":158,"column":22}},{"start":{"line":158,"column":22},"end":{"line":158,"column":null}}]},"39":{"loc":{"start":{"line":170,"column":9},"end":{"line":170,"column":22}},"type":"binary-expr","locations":[{"start":{"line":170,"column":9},"end":{"line":170,"column":22}},{"start":{"line":170,"column":22},"end":{"line":170,"column":null}}]},"40":{"loc":{"start":{"line":181,"column":7},"end":{"line":181,"column":null}},"type":"binary-expr","locations":[{"start":{"line":181,"column":7},"end":{"line":181,"column":null}}]},"41":{"loc":{"start":{"line":193,"column":9},"end":{"line":193,"column":24}},"type":"binary-expr","locations":[{"start":{"line":193,"column":9},"end":{"line":193,"column":24}},{"start":{"line":193,"column":24},"end":{"line":193,"column":null}}]},"42":{"loc":{"start":{"line":200,"column":13},"end":{"line":200,"column":null}},"type":"cond-expr","locations":[{"start":{"line":200,"column":25},"end":{"line":200,"column":57}},{"start":{"line":200,"column":57},"end":{"line":200,"column":null}}]},"43":{"loc":{"start":{"line":202,"column":46},"end":{"line":202,"column":null}},"type":"cond-expr","locations":[{"start":{"line":202,"column":58},"end":{"line":202,"column":68}},{"start":{"line":202,"column":68},"end":{"line":202,"column":null}}]}},"s":{"0":116,"1":2,"2":2,"3":2,"4":172,"5":172,"6":172,"7":172,"8":114,"9":172,"10":119,"11":3,"12":2,"13":2,"14":1,"15":0,"16":0,"17":119,"18":119,"19":119,"20":119,"21":119,"22":119,"23":172,"24":48,"25":48,"26":5,"27":172,"28":48,"29":0,"30":48,"31":48,"32":48,"33":48,"34":45,"35":3,"36":172,"37":172,"38":1,"39":1,"40":170,"41":172,"42":1,"43":0,"44":1,"45":1,"46":0,"47":1,"48":0,"49":0,"50":0},"f":{"0":172,"1":114,"2":119,"3":3,"4":119,"5":48,"6":48,"7":172,"8":1,"9":1,"10":0,"11":0,"12":0},"b":{"0":[30],"1":[30],"2":[22],"3":[29],"4":[171],"5":[171],"6":[171],"7":[169],"8":[2,1],"9":[3,2],"10":[0],"11":[1,1],"12":[119],"13":[119],"14":[48],"15":[48,48],"16":[5],"17":[2,3],"18":[0],"19":[48,48],"20":[45,3],"21":[1,1,170],"22":[0],"23":[1],"24":[96,76],"25":[1,171],"26":[172,170],"27":[96,76],"28":[172,170],"29":[1,171],"30":[3,169],"31":[172,170],"32":[3,169],"33":[172,170],"34":[1,171],"35":[96,75],"36":[1,171],"37":[96,75],"38":[172,96],"39":[172,96],"40":[172],"41":[172,2],"42":[0,2],"43":[0,2]}}
,"C:\\Users\\lucas\\repos\\papo-comtxae\\src\\frontend\\components\\speech\\VoiceAuthentication.tsx": {"path":"C:\\Users\\lucas\\repos\\papo-comtxae\\src\\frontend\\components\\speech\\VoiceAuthentication.tsx","statementMap":{"0":{"start":{"line":31,"column":16},"end":{"line":31,"column":36}},"1":{"start":{"line":1,"column":51},"end":{"line":1,"column":null}},"2":{"start":{"line":2,"column":26},"end":{"line":2,"column":null}},"3":{"start":{"line":3,"column":23},"end":{"line":3,"column":null}},"4":{"start":{"line":4,"column":35},"end":{"line":4,"column":null}},"5":{"start":{"line":39,"column":40},"end":{"line":39,"column":null}},"6":{"start":{"line":40,"column":38},"end":{"line":40,"column":null}},"7":{"start":{"line":41,"column":30},"end":{"line":41,"column":null}},"8":{"start":{"line":42,"column":30},"end":{"line":42,"column":null}},"9":{"start":{"line":43,"column":42},"end":{"line":43,"column":null}},"10":{"start":{"line":45,"column":17},"end":{"line":45,"column":null}},"11":{"start":{"line":46,"column":25},"end":{"line":46,"column":null}},"12":{"start":{"line":47,"column":26},"end":{"line":47,"column":null}},"13":{"start":{"line":48,"column":22},"end":{"line":48,"column":null}},"14":{"start":{"line":49,"column":25},"end":{"line":49,"column":null}},"15":{"start":{"line":52,"column":2},"end":{"line":58,"column":null}},"16":{"start":{"line":53,"column":4},"end":{"line":53,"column":null}},"17":{"start":{"line":55,"column":4},"end":{"line":57,"column":null}},"18":{"start":{"line":56,"column":6},"end":{"line":56,"column":null}},"19":{"start":{"line":61,"column":38},"end":{"line":122,"column":null}},"20":{"start":{"line":62,"column":4},"end":{"line":121,"column":null}},"21":{"start":{"line":63,"column":32},"end":{"line":63,"column":90}},"22":{"start":{"line":64,"column":6},"end":{"line":120,"column":null}},"23":{"start":{"line":65,"column":28},"end":{"line":65,"column":null}},"24":{"start":{"line":66,"column":8},"end":{"line":66,"column":null}},"25":{"start":{"line":67,"column":8},"end":{"line":67,"column":null}},"26":{"start":{"line":68,"column":8},"end":{"line":68,"column":null}},"27":{"start":{"line":71,"column":8},"end":{"line":87,"column":null}},"28":{"start":{"line":72,"column":10},"end":{"line":86,"column":null}},"29":{"start":{"line":73,"column":25},"end":{"line":73,"column":null}},"30":{"start":{"line":74,"column":35},"end":{"line":74,"column":null}},"31":{"start":{"line":75,"column":31},"end":{"line":75,"column":null}},"32":{"start":{"line":77,"column":12},"end":{"line":85,"column":null}},"33":{"start":{"line":78,"column":14},"end":{"line":78,"column":null}},"34":{"start":{"line":81,"column":27},"end":{"line":81,"column":null}},"35":{"start":{"line":82,"column":14},"end":{"line":84,"column":null}},"36":{"start":{"line":83,"column":16},"end":{"line":83,"column":null}},"37":{"start":{"line":89,"column":8},"end":{"line":104,"column":null}},"38":{"start":{"line":90,"column":10},"end":{"line":90,"column":null}},"39":{"start":{"line":93,"column":10},"end":{"line":103,"column":null}},"40":{"start":{"line":94,"column":12},"end":{"line":94,"column":null}},"41":{"start":{"line":95,"column":25},"end":{"line":95,"column":null}},"42":{"start":{"line":96,"column":12},"end":{"line":102,"column":null}},"43":{"start":{"line":97,"column":14},"end":{"line":97,"column":43}},"44":{"start":{"line":99,"column":14},"end":{"line":99,"column":null}},"45":{"start":{"line":100,"column":14},"end":{"line":100,"column":null}},"46":{"start":{"line":101,"column":14},"end":{"line":101,"column":null}},"47":{"start":{"line":101,"column":27},"end":{"line":101,"column":null}},"48":{"start":{"line":106,"column":8},"end":{"line":112,"column":null}},"49":{"start":{"line":107,"column":10},"end":{"line":107,"column":null}},"50":{"start":{"line":108,"column":10},"end":{"line":108,"column":null}},"51":{"start":{"line":109,"column":27},"end":{"line":109,"column":null}},"52":{"start":{"line":110,"column":10},"end":{"line":110,"column":null}},"53":{"start":{"line":111,"column":10},"end":{"line":111,"column":null}},"54":{"start":{"line":111,"column":23},"end":{"line":111,"column":null}},"55":{"start":{"line":114,"column":8},"end":{"line":114,"column":null}},"56":{"start":{"line":116,"column":8},"end":{"line":116,"column":null}},"57":{"start":{"line":117,"column":25},"end":{"line":117,"column":null}},"58":{"start":{"line":118,"column":8},"end":{"line":118,"column":null}},"59":{"start":{"line":119,"column":8},"end":{"line":119,"column":null}},"60":{"start":{"line":119,"column":21},"end":{"line":119,"column":null}},"61":{"start":{"line":125,"column":32},"end":{"line":153,"column":null}},"62":{"start":{"line":127,"column":22},"end":{"line":127,"column":null}},"63":{"start":{"line":130,"column":25},"end":{"line":135,"column":null}},"64":{"start":{"line":137,"column":4},"end":{"line":143,"column":null}},"65":{"start":{"line":138,"column":20},"end":{"line":138,"column":null}},"66":{"start":{"line":139,"column":6},"end":{"line":142,"column":null}},"67":{"start":{"line":141,"column":8},"end":{"line":141,"column":null}},"68":{"start":{"line":146,"column":18},"end":{"line":146,"column":null}},"69":{"start":{"line":147,"column":4},"end":{"line":150,"column":null}},"70":{"start":{"line":148,"column":19},"end":{"line":148,"column":27}},"71":{"start":{"line":149,"column":6},"end":{"line":149,"column":null}},"72":{"start":{"line":152,"column":4},"end":{"line":152,"column":null}},"73":{"start":{"line":156,"column":27},"end":{"line":195,"column":null}},"74":{"start":{"line":157,"column":4},"end":{"line":157,"column":null}},"75":{"start":{"line":159,"column":4},"end":{"line":194,"column":null}},"76":{"start":{"line":162,"column":24},"end":{"line":166,"column":null}},"77":{"start":{"line":169,"column":21},"end":{"line":174,"column":null}},"78":{"start":{"line":176,"column":6},"end":{"line":188,"column":null}},"79":{"start":{"line":177,"column":8},"end":{"line":177,"column":null}},"80":{"start":{"line":178,"column":8},"end":{"line":178,"column":null}},"81":{"start":{"line":179,"column":8},"end":{"line":179,"column":null}},"82":{"start":{"line":179,"column":21},"end":{"line":179,"column":null}},"83":{"start":{"line":181,"column":8},"end":{"line":181,"column":null}},"84":{"start":{"line":182,"column":8},"end":{"line":182,"column":null}},"85":{"start":{"line":182,"column":23},"end":{"line":182,"column":null}},"86":{"start":{"line":185,"column":8},"end":{"line":187,"column":null}},"87":{"start":{"line":186,"column":10},"end":{"line":186,"column":null}},"88":{"start":{"line":190,"column":6},"end":{"line":190,"column":null}},"89":{"start":{"line":191,"column":23},"end":{"line":191,"column":null}},"90":{"start":{"line":192,"column":6},"end":{"line":192,"column":null}},"91":{"start":{"line":193,"column":6},"end":{"line":193,"column":null}},"92":{"start":{"line":193,"column":19},"end":{"line":193,"column":null}},"93":{"start":{"line":197,"column":25},"end":{"line":264,"column":null}},"94":{"start":{"line":198,"column":4},"end":{"line":198,"column":null}},"95":{"start":{"line":199,"column":4},"end":{"line":199,"column":null}},"96":{"start":{"line":200,"column":4},"end":{"line":200,"column":null}},"97":{"start":{"line":201,"column":4},"end":{"line":201,"column":null}},"98":{"start":{"line":203,"column":4},"end":{"line":263,"column":null}},"99":{"start":{"line":204,"column":21},"end":{"line":204,"column":null}},"100":{"start":{"line":205,"column":6},"end":{"line":205,"column":null}},"101":{"start":{"line":208,"column":32},"end":{"line":208,"column":80}},"102":{"start":{"line":209,"column":6},"end":{"line":211,"column":null}},"103":{"start":{"line":210,"column":8},"end":{"line":210,"column":null}},"104":{"start":{"line":213,"column":6},"end":{"line":213,"column":null}},"105":{"start":{"line":215,"column":6},"end":{"line":250,"column":null}},"106":{"start":{"line":216,"column":8},"end":{"line":216,"column":null}},"107":{"start":{"line":217,"column":23},"end":{"line":217,"column":null}},"108":{"start":{"line":219,"column":8},"end":{"line":249,"column":null}},"109":{"start":{"line":220,"column":10},"end":{"line":220,"column":null}},"110":{"start":{"line":223,"column":10},"end":{"line":223,"column":null}},"111":{"start":{"line":224,"column":31},"end":{"line":224,"column":68}},"112":{"start":{"line":225,"column":28},"end":{"line":225,"column":null}},"113":{"start":{"line":227,"column":30},"end":{"line":245,"column":null}},"114":{"start":{"line":228,"column":12},"end":{"line":244,"column":null}},"115":{"start":{"line":229,"column":14},"end":{"line":229,"column":null}},"116":{"start":{"line":230,"column":24},"end":{"line":230,"column":null}},"117":{"start":{"line":233,"column":14},"end":{"line":236,"column":null}},"118":{"start":{"line":233,"column":27},"end":{"line":233,"column":30}},"119":{"start":{"line":235,"column":16},"end":{"line":235,"column":null}},"120":{"start":{"line":238,"column":26},"end":{"line":238,"column":null}},"121":{"start":{"line":239,"column":14},"end":{"line":239,"column":null}},"122":{"start":{"line":241,"column":14},"end":{"line":243,"column":null}},"123":{"start":{"line":242,"column":16},"end":{"line":242,"column":null}},"124":{"start":{"line":248,"column":10},"end":{"line":248,"column":null}},"125":{"start":{"line":253,"column":6},"end":{"line":255,"column":null}},"126":{"start":{"line":254,"column":8},"end":{"line":254,"column":null}},"127":{"start":{"line":257,"column":6},"end":{"line":257,"column":null}},"128":{"start":{"line":258,"column":6},"end":{"line":258,"column":null}},"129":{"start":{"line":259,"column":6},"end":{"line":259,"column":null}},"130":{"start":{"line":260,"column":23},"end":{"line":260,"column":null}},"131":{"start":{"line":261,"column":6},"end":{"line":261,"column":null}},"132":{"start":{"line":262,"column":6},"end":{"line":262,"column":null}},"133":{"start":{"line":262,"column":19},"end":{"line":262,"column":null}},"134":{"start":{"line":266,"column":24},"end":{"line":290,"column":null}},"135":{"start":{"line":267,"column":4},"end":{"line":267,"column":null}},"136":{"start":{"line":269,"column":4},"end":{"line":275,"column":null}},"137":{"start":{"line":270,"column":6},"end":{"line":274,"column":null}},"138":{"start":{"line":271,"column":8},"end":{"line":271,"column":null}},"139":{"start":{"line":277,"column":4},"end":{"line":279,"column":null}},"140":{"start":{"line":278,"column":6},"end":{"line":278,"column":null}},"141":{"start":{"line":278,"column":58},"end":{"line":278,"column":null}},"142":{"start":{"line":281,"column":4},"end":{"line":283,"column":null}},"143":{"start":{"line":282,"column":6},"end":{"line":282,"column":null}},"144":{"start":{"line":282,"column":49},"end":{"line":282,"column":null}},"145":{"start":{"line":285,"column":4},"end":{"line":285,"column":null}},"146":{"start":{"line":287,"column":4},"end":{"line":289,"column":null}},"147":{"start":{"line":288,"column":6},"end":{"line":288,"column":null}},"148":{"start":{"line":293,"column":23},"end":{"line":296,"column":null}},"149":{"start":{"line":294,"column":4},"end":{"line":294,"column":null}},"150":{"start":{"line":295,"column":4},"end":{"line":295,"column":null}},"151":{"start":{"line":295,"column":18},"end":{"line":295,"column":null}},"152":{"start":{"line":356,"column":14},"end":{"line":356,"column":null}},"153":{"start":{"line":357,"column":14},"end":{"line":357,"column":null}}},"fnMap":{"0":{"name":"VoiceAuthentication","decl":{"start":{"line":31,"column":16},"end":{"line":31,"column":36}},"loc":{"start":{"line":38,"column":27},"end":{"line":366,"column":null}}},"1":{"name":"(anonymous_5)","decl":{"start":{"line":52,"column":12},"end":{"line":52,"column":null}},"loc":{"start":{"line":52,"column":12},"end":{"line":58,"column":5}}},"2":{"name":"(anonymous_6)","decl":{"start":{"line":55,"column":11},"end":{"line":55,"column":null}},"loc":{"start":{"line":55,"column":11},"end":{"line":57,"column":null}}},"3":{"name":"(anonymous_7)","decl":{"start":{"line":61,"column":38},"end":{"line":61,"column":null}},"loc":{"start":{"line":61,"column":38},"end":{"line":122,"column":null}}},"4":{"name":"(anonymous_8)","decl":{"start":{"line":71,"column":31},"end":{"line":71,"column":32}},"loc":{"start":{"line":71,"column":32},"end":{"line":87,"column":null}}},"5":{"name":"(anonymous_9)","decl":{"start":{"line":89,"column":28},"end":{"line":89,"column":null}},"loc":{"start":{"line":89,"column":28},"end":{"line":104,"column":null}}},"6":{"name":"(anonymous_10)","decl":{"start":{"line":106,"column":30},"end":{"line":106,"column":31}},"loc":{"start":{"line":106,"column":31},"end":{"line":112,"column":null}}},"7":{"name":"(anonymous_11)","decl":{"start":{"line":125,"column":32},"end":{"line":125,"column":33}},"loc":{"start":{"line":125,"column":33},"end":{"line":153,"column":null}}},"8":{"name":"(anonymous_12)","decl":{"start":{"line":156,"column":27},"end":{"line":156,"column":34}},"loc":{"start":{"line":156,"column":48},"end":{"line":195,"column":null}}},"9":{"name":"(anonymous_13)","decl":{"start":{"line":185,"column":19},"end":{"line":185,"column":null}},"loc":{"start":{"line":185,"column":19},"end":{"line":187,"column":11}}},"10":{"name":"(anonymous_14)","decl":{"start":{"line":197,"column":25},"end":{"line":197,"column":null}},"loc":{"start":{"line":197,"column":25},"end":{"line":264,"column":null}}},"11":{"name":"(anonymous_15)","decl":{"start":{"line":227,"column":30},"end":{"line":227,"column":null}},"loc":{"start":{"line":227,"column":30},"end":{"line":245,"column":null}}},"12":{"name":"(anonymous_16)","decl":{"start":{"line":266,"column":24},"end":{"line":266,"column":null}},"loc":{"start":{"line":266,"column":24},"end":{"line":290,"column":null}}},"13":{"name":"(anonymous_17)","decl":{"start":{"line":278,"column":49},"end":{"line":278,"column":58}},"loc":{"start":{"line":278,"column":58},"end":{"line":278,"column":null}}},"14":{"name":"(anonymous_18)","decl":{"start":{"line":282,"column":44},"end":{"line":282,"column":49}},"loc":{"start":{"line":282,"column":49},"end":{"line":282,"column":null}}},"15":{"name":"(anonymous_19)","decl":{"start":{"line":293,"column":23},"end":{"line":293,"column":null}},"loc":{"start":{"line":293,"column":23},"end":{"line":296,"column":null}}},"16":{"name":"(anonymous_20)","decl":{"start":{"line":355,"column":21},"end":{"line":355,"column":null}},"loc":{"start":{"line":355,"column":21},"end":{"line":358,"column":null}}}},"branchMap":{"0":{"loc":{"start":{"line":32,"column":2},"end":{"line":32,"column":16}},"type":"default-arg","locations":[{"start":{"line":32,"column":14},"end":{"line":32,"column":16}}]},"1":{"loc":{"start":{"line":36,"column":2},"end":{"line":36,"column":46}},"type":"default-arg","locations":[{"start":{"line":36,"column":11},"end":{"line":36,"column":46}}]},"2":{"loc":{"start":{"line":37,"column":2},"end":{"line":37,"column":28}},"type":"default-arg","locations":[{"start":{"line":37,"column":16},"end":{"line":37,"column":28}}]},"3":{"loc":{"start":{"line":62,"column":4},"end":{"line":121,"column":null}},"type":"if","locations":[{"start":{"line":62,"column":4},"end":{"line":121,"column":null}}]},"4":{"loc":{"start":{"line":63,"column":32},"end":{"line":63,"column":90}},"type":"binary-expr","locations":[{"start":{"line":63,"column":32},"end":{"line":63,"column":56}},{"start":{"line":63,"column":60},"end":{"line":63,"column":90}}]},"5":{"loc":{"start":{"line":64,"column":6},"end":{"line":120,"column":null}},"type":"if","locations":[{"start":{"line":64,"column":6},"end":{"line":120,"column":null}},{"start":{"line":115,"column":13},"end":{"line":120,"column":null}}]},"6":{"loc":{"start":{"line":72,"column":10},"end":{"line":86,"column":null}},"type":"if","locations":[{"start":{"line":72,"column":10},"end":{"line":86,"column":null}}]},"7":{"loc":{"start":{"line":75,"column":31},"end":{"line":75,"column":null}},"type":"binary-expr","locations":[{"start":{"line":75,"column":31},"end":{"line":75,"column":71}},{"start":{"line":75,"column":71},"end":{"line":75,"column":null}}]},"8":{"loc":{"start":{"line":77,"column":12},"end":{"line":85,"column":null}},"type":"if","locations":[{"start":{"line":77,"column":12},"end":{"line":85,"column":null}}]},"9":{"loc":{"start":{"line":82,"column":14},"end":{"line":84,"column":null}},"type":"if","locations":[{"start":{"line":82,"column":14},"end":{"line":84,"column":null}}]},"10":{"loc":{"start":{"line":82,"column":18},"end":{"line":82,"column":44}},"type":"binary-expr","locations":[{"start":{"line":82,"column":18},"end":{"line":82,"column":26}},{"start":{"line":82,"column":26},"end":{"line":82,"column":44}}]},"11":{"loc":{"start":{"line":93,"column":10},"end":{"line":103,"column":null}},"type":"if","locations":[{"start":{"line":93,"column":10},"end":{"line":103,"column":null}}]},"12":{"loc":{"start":{"line":93,"column":14},"end":{"line":93,"column":52}},"type":"binary-expr","locations":[{"start":{"line":93,"column":14},"end":{"line":93,"column":28}},{"start":{"line":93,"column":28},"end":{"line":93,"column":52}}]},"13":{"loc":{"start":{"line":96,"column":12},"end":{"line":102,"column":null}},"type":"if","locations":[{"start":{"line":96,"column":12},"end":{"line":102,"column":null}},{"start":{"line":98,"column":19},"end":{"line":102,"column":null}}]},"14":{"loc":{"start":{"line":101,"column":14},"end":{"line":101,"column":null}},"type":"if","locations":[{"start":{"line":101,"column":14},"end":{"line":101,"column":null}}]},"15":{"loc":{"start":{"line":111,"column":10},"end":{"line":111,"column":null}},"type":"if","locations":[{"start":{"line":111,"column":10},"end":{"line":111,"column":null}}]},"16":{"loc":{"start":{"line":119,"column":8},"end":{"line":119,"column":null}},"type":"if","locations":[{"start":{"line":119,"column":8},"end":{"line":119,"column":null}}]},"17":{"loc":{"start":{"line":139,"column":6},"end":{"line":142,"column":null}},"type":"if","locations":[{"start":{"line":139,"column":6},"end":{"line":142,"column":null}}]},"18":{"loc":{"start":{"line":139,"column":10},"end":{"line":139,"column":27}},"type":"binary-expr","locations":[{"start":{"line":139,"column":10},"end":{"line":139,"column":19}},{"start":{"line":139,"column":19},"end":{"line":139,"column":27}}]},"19":{"loc":{"start":{"line":147,"column":4},"end":{"line":150,"column":null}},"type":"if","locations":[{"start":{"line":147,"column":4},"end":{"line":150,"column":null}}]},"20":{"loc":{"start":{"line":147,"column":8},"end":{"line":147,"column":36}},"type":"binary-expr","locations":[{"start":{"line":147,"column":8},"end":{"line":147,"column":28}},{"start":{"line":147,"column":28},"end":{"line":147,"column":36}}]},"21":{"loc":{"start":{"line":176,"column":6},"end":{"line":188,"column":null}},"type":"if","locations":[{"start":{"line":176,"column":6},"end":{"line":188,"column":null}},{"start":{"line":180,"column":13},"end":{"line":188,"column":null}}]},"22":{"loc":{"start":{"line":179,"column":8},"end":{"line":179,"column":null}},"type":"if","locations":[{"start":{"line":179,"column":8},"end":{"line":179,"column":null}}]},"23":{"loc":{"start":{"line":182,"column":8},"end":{"line":182,"column":null}},"type":"if","locations":[{"start":{"line":182,"column":8},"end":{"line":182,"column":null}}]},"24":{"loc":{"start":{"line":193,"column":6},"end":{"line":193,"column":null}},"type":"if","locations":[{"start":{"line":193,"column":6},"end":{"line":193,"column":null}}]},"25":{"loc":{"start":{"line":208,"column":32},"end":{"line":208,"column":80}},"type":"binary-expr","locations":[{"start":{"line":208,"column":32},"end":{"line":208,"column":51}},{"start":{"line":208,"column":55},"end":{"line":208,"column":80}}]},"26":{"loc":{"start":{"line":209,"column":6},"end":{"line":211,"column":null}},"type":"if","locations":[{"start":{"line":209,"column":6},"end":{"line":211,"column":null}}]},"27":{"loc":{"start":{"line":215,"column":6},"end":{"line":250,"column":null}},"type":"if","locations":[{"start":{"line":215,"column":6},"end":{"line":250,"column":null}}]},"28":{"loc":{"start":{"line":219,"column":8},"end":{"line":249,"column":null}},"type":"if","locations":[{"start":{"line":219,"column":8},"end":{"line":249,"column":null}}]},"29":{"loc":{"start":{"line":228,"column":12},"end":{"line":244,"column":null}},"type":"if","locations":[{"start":{"line":228,"column":12},"end":{"line":244,"column":null}}]},"30":{"loc":{"start":{"line":235,"column":23},"end":{"line":235,"column":null}},"type":"binary-expr","locations":[{"start":{"line":235,"column":23},"end":{"line":235,"column":35}},{"start":{"line":235,"column":39},"end":{"line":235,"column":null}}]},"31":{"loc":{"start":{"line":241,"column":14},"end":{"line":243,"column":null}},"type":"if","locations":[{"start":{"line":241,"column":14},"end":{"line":243,"column":null}}]},"32":{"loc":{"start":{"line":253,"column":6},"end":{"line":255,"column":null}},"type":"if","locations":[{"start":{"line":253,"column":6},"end":{"line":255,"column":null}}]},"33":{"loc":{"start":{"line":262,"column":6},"end":{"line":262,"column":null}},"type":"if","locations":[{"start":{"line":262,"column":6},"end":{"line":262,"column":null}}]},"34":{"loc":{"start":{"line":269,"column":4},"end":{"line":275,"column":null}},"type":"if","locations":[{"start":{"line":269,"column":4},"end":{"line":275,"column":null}}]},"35":{"loc":{"start":{"line":277,"column":4},"end":{"line":279,"column":null}},"type":"if","locations":[{"start":{"line":277,"column":4},"end":{"line":279,"column":null}}]},"36":{"loc":{"start":{"line":281,"column":4},"end":{"line":283,"column":null}},"type":"if","locations":[{"start":{"line":281,"column":4},"end":{"line":283,"column":null}}]},"37":{"loc":{"start":{"line":287,"column":4},"end":{"line":289,"column":null}},"type":"if","locations":[{"start":{"line":287,"column":4},"end":{"line":289,"column":null}}]},"38":{"loc":{"start":{"line":287,"column":8},"end":{"line":287,"column":44}},"type":"binary-expr","locations":[{"start":{"line":287,"column":8},"end":{"line":287,"column":34}},{"start":{"line":287,"column":34},"end":{"line":287,"column":44}}]},"39":{"loc":{"start":{"line":295,"column":4},"end":{"line":295,"column":null}},"type":"if","locations":[{"start":{"line":295,"column":4},"end":{"line":295,"column":null}}]},"40":{"loc":{"start":{"line":303,"column":7},"end":{"line":303,"column":null}},"type":"binary-expr","locations":[{"start":{"line":303,"column":7},"end":{"line":303,"column":null}}]},"41":{"loc":{"start":{"line":318,"column":7},"end":{"line":318,"column":null}},"type":"binary-expr","locations":[{"start":{"line":318,"column":7},"end":{"line":318,"column":null}}]},"42":{"loc":{"start":{"line":324,"column":55},"end":{"line":324,"column":null}},"type":"binary-expr","locations":[{"start":{"line":324,"column":55},"end":{"line":324,"column":69}},{"start":{"line":324,"column":69},"end":{"line":324,"column":null}}]},"43":{"loc":{"start":{"line":334,"column":7},"end":{"line":334,"column":null}},"type":"binary-expr","locations":[{"start":{"line":334,"column":7},"end":{"line":334,"column":null}}]},"44":{"loc":{"start":{"line":341,"column":7},"end":{"line":341,"column":null}},"type":"binary-expr","locations":[{"start":{"line":341,"column":7},"end":{"line":341,"column":null}}]},"45":{"loc":{"start":{"line":349,"column":7},"end":{"line":349,"column":null}},"type":"binary-expr","locations":[{"start":{"line":349,"column":7},"end":{"line":349,"column":null}}]}},"s":{"0":5,"1":1,"2":1,"3":1,"4":1,"5":5,"6":5,"7":5,"8":5,"9":5,"10":5,"11":5,"12":5,"13":5,"14":5,"15":5,"16":5,"17":5,"18":5,"19":5,"20":5,"21":5,"22":5,"23":5,"24":5,"25":5,"26":5,"27":5,"28":0,"29":0,"30":0,"31":0,"32":0,"33":0,"34":0,"35":0,"36":0,"37":5,"38":5,"39":5,"40":0,"41":0,"42":0,"43":0,"44":0,"45":0,"46":0,"47":0,"48":5,"49":0,"50":0,"51":0,"52":0,"53":0,"54":0,"55":5,"56":0,"57":0,"58":0,"59":0,"60":0,"61":5,"62":0,"63":0,"64":0,"65":0,"66":0,"67":0,"68":0,"69":0,"70":0,"71":0,"72":0,"73":5,"74":0,"75":0,"76":0,"77":0,"78":0,"79":0,"80":0,"81":0,"82":0,"83":0,"84":0,"85":0,"86":0,"87":0,"88":0,"89":0,"90":0,"91":0,"92":0,"93":5,"94":0,"95":0,"96":0,"97":0,"98":0,"99":0,"100":0,"101":0,"102":0,"103":0,"104":0,"105":0,"106":0,"107":0,"108":0,"109":0,"110":0,"111":0,"112":0,"113":0,"114":0,"115":0,"116":0,"117":0,"118":0,"119":0,"120":0,"121":0,"122":0,"123":0,"124":0,"125":0,"126":0,"127":0,"128":0,"129":0,"130":0,"131":0,"132":0,"133":0,"134":5,"135":5,"136":5,"137":5,"138":5,"139":5,"140":0,"141":0,"142":5,"143":0,"144":0,"145":5,"146":5,"147":0,"148":5,"149":0,"150":0,"151":0,"152":0,"153":0},"f":{"0":5,"1":5,"2":5,"3":5,"4":0,"5":5,"6":0,"7":0,"8":0,"9":0,"10":0,"11":0,"12":5,"13":0,"14":0,"15":0,"16":0},"b":{"0":[5],"1":[5],"2":[5],"3":[5],"4":[5,0],"5":[5,0],"6":[0],"7":[0,0],"8":[0],"9":[0],"10":[0,0],"11":[0],"12":[5,0],"13":[0,0],"14":[0],"15":[0],"16":[0],"17":[0],"18":[0,0],"19":[0],"20":[0,0],"21":[0,0],"22":[0],"23":[0],"24":[0],"25":[0,0],"26":[0],"27":[0],"28":[0],"29":[0],"30":[0,0],"31":[0],"32":[0],"33":[0],"34":[5],"35":[0],"36":[0],"37":[0],"38":[5,0],"39":[0],"40":[5],"41":[5],"42":[0,0],"43":[5],"44":[5],"45":[5]}}
,"C:\\Users\\lucas\\repos\\papo-comtxae\\src\\frontend\\components\\speech\\VoiceInput.tsx": {"path":"C:\\Users\\lucas\\repos\\papo-comtxae\\src\\frontend\\components\\speech\\VoiceInput.tsx","statementMap":{"0":{"start":{"line":37,"column":16},"end":{"line":37,"column":27}},"1":{"start":{"line":1,"column":51},"end":{"line":1,"column":null}},"2":{"start":{"line":2,"column":36},"end":{"line":2,"column":null}},"3":{"start":{"line":3,"column":35},"end":{"line":3,"column":null}},"4":{"start":{"line":48,"column":40},"end":{"line":48,"column":null}},"5":{"start":{"line":49,"column":38},"end":{"line":49,"column":null}},"6":{"start":{"line":50,"column":30},"end":{"line":50,"column":null}},"7":{"start":{"line":51,"column":34},"end":{"line":51,"column":null}},"8":{"start":{"line":52,"column":25},"end":{"line":52,"column":null}},"9":{"start":{"line":53,"column":26},"end":{"line":53,"column":null}},"10":{"start":{"line":54,"column":22},"end":{"line":54,"column":null}},"11":{"start":{"line":55,"column":25},"end":{"line":55,"column":null}},"12":{"start":{"line":58,"column":25},"end":{"line":69,"column":null}},"13":{"start":{"line":59,"column":4},"end":{"line":68,"column":null}},"14":{"start":{"line":60,"column":6},"end":{"line":67,"column":null}},"15":{"start":{"line":61,"column":8},"end":{"line":61,"column":null}},"16":{"start":{"line":62,"column":8},"end":{"line":62,"column":null}},"17":{"start":{"line":63,"column":8},"end":{"line":63,"column":null}},"18":{"start":{"line":63,"column":26},"end":{"line":63,"column":null}},"19":{"start":{"line":64,"column":8},"end":{"line":64,"column":null}},"20":{"start":{"line":66,"column":8},"end":{"line":66,"column":null}},"21":{"start":{"line":72,"column":24},"end":{"line":93,"column":null}},"22":{"start":{"line":73,"column":4},"end":{"line":81,"column":null}},"23":{"start":{"line":74,"column":6},"end":{"line":80,"column":null}},"24":{"start":{"line":75,"column":8},"end":{"line":75,"column":null}},"25":{"start":{"line":76,"column":8},"end":{"line":76,"column":null}},"26":{"start":{"line":77,"column":8},"end":{"line":77,"column":null}},"27":{"start":{"line":77,"column":26},"end":{"line":77,"column":null}},"28":{"start":{"line":79,"column":8},"end":{"line":79,"column":null}},"29":{"start":{"line":84,"column":4},"end":{"line":86,"column":null}},"30":{"start":{"line":85,"column":6},"end":{"line":85,"column":null}},"31":{"start":{"line":89,"column":4},"end":{"line":92,"column":null}},"32":{"start":{"line":90,"column":6},"end":{"line":90,"column":null}},"33":{"start":{"line":90,"column":58},"end":{"line":90,"column":null}},"34":{"start":{"line":91,"column":6},"end":{"line":91,"column":null}},"35":{"start":{"line":96,"column":2},"end":{"line":145,"column":null}},"36":{"start":{"line":98,"column":4},"end":{"line":102,"column":null}},"37":{"start":{"line":100,"column":6},"end":{"line":100,"column":null}},"38":{"start":{"line":101,"column":6},"end":{"line":101,"column":null}},"39":{"start":{"line":104,"column":30},"end":{"line":104,"column":88}},"40":{"start":{"line":105,"column":4},"end":{"line":134,"column":null}},"41":{"start":{"line":106,"column":6},"end":{"line":106,"column":null}},"42":{"start":{"line":107,"column":6},"end":{"line":107,"column":null}},"43":{"start":{"line":108,"column":6},"end":{"line":108,"column":null}},"44":{"start":{"line":109,"column":6},"end":{"line":109,"column":null}},"45":{"start":{"line":110,"column":6},"end":{"line":110,"column":null}},"46":{"start":{"line":112,"column":6},"end":{"line":121,"column":null}},"47":{"start":{"line":113,"column":21},"end":{"line":113,"column":null}},"48":{"start":{"line":114,"column":23},"end":{"line":114,"column":null}},"49":{"start":{"line":115,"column":8},"end":{"line":115,"column":null}},"50":{"start":{"line":118,"column":8},"end":{"line":120,"column":null}},"51":{"start":{"line":119,"column":10},"end":{"line":119,"column":null}},"52":{"start":{"line":123,"column":6},"end":{"line":128,"column":null}},"53":{"start":{"line":124,"column":8},"end":{"line":124,"column":null}},"54":{"start":{"line":125,"column":8},"end":{"line":125,"column":null}},"55":{"start":{"line":126,"column":8},"end":{"line":126,"column":null}},"56":{"start":{"line":127,"column":8},"end":{"line":127,"column":null}},"57":{"start":{"line":127,"column":26},"end":{"line":127,"column":null}},"58":{"start":{"line":130,"column":6},"end":{"line":133,"column":null}},"59":{"start":{"line":131,"column":8},"end":{"line":131,"column":null}},"60":{"start":{"line":132,"column":8},"end":{"line":132,"column":null}},"61":{"start":{"line":132,"column":26},"end":{"line":132,"column":null}},"62":{"start":{"line":137,"column":4},"end":{"line":139,"column":null}},"63":{"start":{"line":138,"column":6},"end":{"line":138,"column":null}},"64":{"start":{"line":142,"column":4},"end":{"line":144,"column":null}},"65":{"start":{"line":143,"column":6},"end":{"line":143,"column":null}},"66":{"start":{"line":150,"column":31},"end":{"line":189,"column":null}},"67":{"start":{"line":151,"column":4},"end":{"line":188,"column":null}},"68":{"start":{"line":152,"column":6},"end":{"line":154,"column":null}},"69":{"start":{"line":153,"column":8},"end":{"line":153,"column":86}},"70":{"start":{"line":156,"column":6},"end":{"line":158,"column":null}},"71":{"start":{"line":157,"column":8},"end":{"line":157,"column":null}},"72":{"start":{"line":160,"column":21},"end":{"line":160,"column":null}},"73":{"start":{"line":161,"column":6},"end":{"line":161,"column":null}},"74":{"start":{"line":163,"column":23},"end":{"line":163,"column":null}},"75":{"start":{"line":164,"column":6},"end":{"line":164,"column":null}},"76":{"start":{"line":166,"column":21},"end":{"line":166,"column":null}},"77":{"start":{"line":167,"column":6},"end":{"line":167,"column":null}},"78":{"start":{"line":169,"column":6},"end":{"line":169,"column":null}},"79":{"start":{"line":170,"column":24},"end":{"line":170,"column":null}},"80":{"start":{"line":172,"column":24},"end":{"line":183,"column":null}},"81":{"start":{"line":173,"column":8},"end":{"line":173,"column":null}},"82":{"start":{"line":173,"column":50},"end":{"line":173,"column":null}},"83":{"start":{"line":175,"column":8},"end":{"line":175,"column":null}},"84":{"start":{"line":176,"column":24},"end":{"line":176,"column":91}},"85":{"start":{"line":176,"column":57},"end":{"line":176,"column":70}},"86":{"start":{"line":177,"column":33},"end":{"line":177,"column":61}},"87":{"start":{"line":178,"column":8},"end":{"line":178,"column":null}},"88":{"start":{"line":180,"column":8},"end":{"line":182,"column":null}},"89":{"start":{"line":181,"column":10},"end":{"line":181,"column":null}},"90":{"start":{"line":185,"column":6},"end":{"line":185,"column":null}},"91":{"start":{"line":187,"column":6},"end":{"line":187,"column":null}}},"fnMap":{"0":{"name":"VoiceInput","decl":{"start":{"line":37,"column":16},"end":{"line":37,"column":27}},"loc":{"start":{"line":47,"column":18},"end":{"line":228,"column":null}}},"1":{"name":"(anonymous_5)","decl":{"start":{"line":58,"column":25},"end":{"line":58,"column":null}},"loc":{"start":{"line":58,"column":25},"end":{"line":69,"column":null}}},"2":{"name":"(anonymous_6)","decl":{"start":{"line":72,"column":24},"end":{"line":72,"column":null}},"loc":{"start":{"line":72,"column":24},"end":{"line":93,"column":null}}},"3":{"name":"(anonymous_7)","decl":{"start":{"line":90,"column":49},"end":{"line":90,"column":58}},"loc":{"start":{"line":90,"column":58},"end":{"line":90,"column":null}}},"4":{"name":"(anonymous_8)","decl":{"start":{"line":96,"column":12},"end":{"line":96,"column":null}},"loc":{"start":{"line":96,"column":12},"end":{"line":145,"column":5}}},"5":{"name":"(anonymous_9)","decl":{"start":{"line":112,"column":40},"end":{"line":112,"column":41}},"loc":{"start":{"line":112,"column":41},"end":{"line":121,"column":null}}},"6":{"name":"(anonymous_10)","decl":{"start":{"line":123,"column":39},"end":{"line":123,"column":40}},"loc":{"start":{"line":123,"column":40},"end":{"line":128,"column":null}}},"7":{"name":"(anonymous_11)","decl":{"start":{"line":130,"column":37},"end":{"line":130,"column":null}},"loc":{"start":{"line":130,"column":37},"end":{"line":133,"column":null}}},"8":{"name":"(anonymous_12)","decl":{"start":{"line":142,"column":11},"end":{"line":142,"column":null}},"loc":{"start":{"line":142,"column":11},"end":{"line":144,"column":null}}},"9":{"name":"(anonymous_13)","decl":{"start":{"line":150,"column":31},"end":{"line":150,"column":null}},"loc":{"start":{"line":150,"column":31},"end":{"line":189,"column":null}}},"10":{"name":"(anonymous_14)","decl":{"start":{"line":172,"column":24},"end":{"line":172,"column":null}},"loc":{"start":{"line":172,"column":24},"end":{"line":183,"column":null}}},"11":{"name":"(anonymous_15)","decl":{"start":{"line":176,"column":41},"end":{"line":176,"column":42}},"loc":{"start":{"line":176,"column":57},"end":{"line":176,"column":70}}}},"branchMap":{"0":{"loc":{"start":{"line":40,"column":2},"end":{"line":40,"column":38}},"type":"default-arg","locations":[{"start":{"line":40,"column":16},"end":{"line":40,"column":38}}]},"1":{"loc":{"start":{"line":41,"column":2},"end":{"line":41,"column":19}},"type":"default-arg","locations":[{"start":{"line":41,"column":14},"end":{"line":41,"column":19}}]},"2":{"loc":{"start":{"line":42,"column":2},"end":{"line":42,"column":18}},"type":"default-arg","locations":[{"start":{"line":42,"column":14},"end":{"line":42,"column":18}}]},"3":{"loc":{"start":{"line":43,"column":2},"end":{"line":43,"column":20}},"type":"default-arg","locations":[{"start":{"line":43,"column":13},"end":{"line":43,"column":20}}]},"4":{"loc":{"start":{"line":44,"column":2},"end":{"line":44,"column":19}},"type":"default-arg","locations":[{"start":{"line":44,"column":15},"end":{"line":44,"column":19}}]},"5":{"loc":{"start":{"line":45,"column":2},"end":{"line":45,"column":16}},"type":"default-arg","locations":[{"start":{"line":45,"column":14},"end":{"line":45,"column":16}}]},"6":{"loc":{"start":{"line":46,"column":2},"end":{"line":46,"column":18}},"type":"default-arg","locations":[{"start":{"line":46,"column":13},"end":{"line":46,"column":18}}]},"7":{"loc":{"start":{"line":59,"column":4},"end":{"line":68,"column":null}},"type":"if","locations":[{"start":{"line":59,"column":4},"end":{"line":68,"column":null}}]},"8":{"loc":{"start":{"line":59,"column":8},"end":{"line":59,"column":61}},"type":"binary-expr","locations":[{"start":{"line":59,"column":8},"end":{"line":59,"column":30}},{"start":{"line":59,"column":34},"end":{"line":59,"column":50}},{"start":{"line":59,"column":50},"end":{"line":59,"column":61}}]},"9":{"loc":{"start":{"line":63,"column":8},"end":{"line":63,"column":null}},"type":"if","locations":[{"start":{"line":63,"column":8},"end":{"line":63,"column":null}}]},"10":{"loc":{"start":{"line":73,"column":4},"end":{"line":81,"column":null}},"type":"if","locations":[{"start":{"line":73,"column":4},"end":{"line":81,"column":null}}]},"11":{"loc":{"start":{"line":73,"column":8},"end":{"line":73,"column":47}},"type":"binary-expr","locations":[{"start":{"line":73,"column":8},"end":{"line":73,"column":30}},{"start":{"line":73,"column":34},"end":{"line":73,"column":47}}]},"12":{"loc":{"start":{"line":77,"column":8},"end":{"line":77,"column":null}},"type":"if","locations":[{"start":{"line":77,"column":8},"end":{"line":77,"column":null}}]},"13":{"loc":{"start":{"line":84,"column":4},"end":{"line":86,"column":null}},"type":"if","locations":[{"start":{"line":84,"column":4},"end":{"line":86,"column":null}}]},"14":{"loc":{"start":{"line":84,"column":8},"end":{"line":84,"column":79}},"type":"binary-expr","locations":[{"start":{"line":84,"column":8},"end":{"line":84,"column":31}},{"start":{"line":84,"column":35},"end":{"line":84,"column":79}}]},"15":{"loc":{"start":{"line":89,"column":4},"end":{"line":92,"column":null}},"type":"if","locations":[{"start":{"line":89,"column":4},"end":{"line":92,"column":null}}]},"16":{"loc":{"start":{"line":98,"column":4},"end":{"line":102,"column":null}},"type":"if","locations":[{"start":{"line":98,"column":4},"end":{"line":102,"column":null}}]},"17":{"loc":{"start":{"line":98,"column":8},"end":{"line":99,"column":69}},"type":"binary-expr","locations":[{"start":{"line":98,"column":8},"end":{"line":98,"column":null}},{"start":{"line":99,"column":9},"end":{"line":99,"column":34}},{"start":{"line":99,"column":38},"end":{"line":99,"column":69}}]},"18":{"loc":{"start":{"line":104,"column":30},"end":{"line":104,"column":88}},"type":"binary-expr","locations":[{"start":{"line":104,"column":30},"end":{"line":104,"column":54}},{"start":{"line":104,"column":58},"end":{"line":104,"column":88}}]},"19":{"loc":{"start":{"line":105,"column":4},"end":{"line":134,"column":null}},"type":"if","locations":[{"start":{"line":105,"column":4},"end":{"line":134,"column":null}}]},"20":{"loc":{"start":{"line":114,"column":23},"end":{"line":114,"column":null}},"type":"binary-expr","locations":[{"start":{"line":114,"column":23},"end":{"line":114,"column":63}},{"start":{"line":114,"column":63},"end":{"line":114,"column":null}}]},"21":{"loc":{"start":{"line":118,"column":8},"end":{"line":120,"column":null}},"type":"if","locations":[{"start":{"line":118,"column":8},"end":{"line":120,"column":null}}]},"22":{"loc":{"start":{"line":118,"column":12},"end":{"line":118,"column":54}},"type":"binary-expr","locations":[{"start":{"line":118,"column":12},"end":{"line":118,"column":44}},{"start":{"line":118,"column":44},"end":{"line":118,"column":54}}]},"23":{"loc":{"start":{"line":127,"column":8},"end":{"line":127,"column":null}},"type":"if","locations":[{"start":{"line":127,"column":8},"end":{"line":127,"column":null}}]},"24":{"loc":{"start":{"line":132,"column":8},"end":{"line":132,"column":null}},"type":"if","locations":[{"start":{"line":132,"column":8},"end":{"line":132,"column":null}}]},"25":{"loc":{"start":{"line":137,"column":4},"end":{"line":139,"column":null}},"type":"if","locations":[{"start":{"line":137,"column":4},"end":{"line":139,"column":null}}]},"26":{"loc":{"start":{"line":152,"column":6},"end":{"line":154,"column":null}},"type":"if","locations":[{"start":{"line":152,"column":6},"end":{"line":154,"column":null}}]},"27":{"loc":{"start":{"line":153,"column":39},"end":{"line":153,"column":86}},"type":"binary-expr","locations":[{"start":{"line":153,"column":39},"end":{"line":153,"column":58}},{"start":{"line":153,"column":62},"end":{"line":153,"column":86}}]},"28":{"loc":{"start":{"line":156,"column":6},"end":{"line":158,"column":null}},"type":"if","locations":[{"start":{"line":156,"column":6},"end":{"line":158,"column":null}}]},"29":{"loc":{"start":{"line":173,"column":8},"end":{"line":173,"column":null}},"type":"if","locations":[{"start":{"line":173,"column":8},"end":{"line":173,"column":null}}]},"30":{"loc":{"start":{"line":173,"column":12},"end":{"line":173,"column":48}},"type":"binary-expr","locations":[{"start":{"line":173,"column":12},"end":{"line":173,"column":28}},{"start":{"line":173,"column":28},"end":{"line":173,"column":48}}]},"31":{"loc":{"start":{"line":180,"column":8},"end":{"line":182,"column":null}},"type":"if","locations":[{"start":{"line":180,"column":8},"end":{"line":182,"column":null}}]},"32":{"loc":{"start":{"line":194,"column":7},"end":{"line":194,"column":null}},"type":"binary-expr","locations":[{"start":{"line":194,"column":7},"end":{"line":194,"column":null}}]},"33":{"loc":{"start":{"line":199,"column":9},"end":{"line":199,"column":22}},"type":"binary-expr","locations":[{"start":{"line":199,"column":9},"end":{"line":199,"column":22}},{"start":{"line":199,"column":22},"end":{"line":199,"column":null}}]},"34":{"loc":{"start":{"line":210,"column":21},"end":{"line":210,"column":null}},"type":"cond-expr","locations":[{"start":{"line":210,"column":35},"end":{"line":210,"column":51}},{"start":{"line":210,"column":51},"end":{"line":210,"column":null}}]},"35":{"loc":{"start":{"line":216,"column":9},"end":{"line":216,"column":null}},"type":"binary-expr","locations":[{"start":{"line":216,"column":9},"end":{"line":216,"column":null}}]},"36":{"loc":{"start":{"line":222,"column":9},"end":{"line":222,"column":25}},"type":"binary-expr","locations":[{"start":{"line":222,"column":9},"end":{"line":222,"column":25}},{"start":{"line":222,"column":25},"end":{"line":222,"column":null}}]}},"s":{"0":0,"1":0,"2":0,"3":0,"4":0,"5":0,"6":0,"7":0,"8":0,"9":0,"10":0,"11":0,"12":0,"13":0,"14":0,"15":0,"16":0,"17":0,"18":0,"19":0,"20":0,"21":0,"22":0,"23":0,"24":0,"25":0,"26":0,"27":0,"28":0,"29":0,"30":0,"31":0,"32":0,"33":0,"34":0,"35":0,"36":0,"37":0,"38":0,"39":0,"40":0,"41":0,"42":0,"43":0,"44":0,"45":0,"46":0,"47":0,"48":0,"49":0,"50":0,"51":0,"52":0,"53":0,"54":0,"55":0,"56":0,"57":0,"58":0,"59":0,"60":0,"61":0,"62":0,"63":0,"64":0,"65":0,"66":0,"67":0,"68":0,"69":0,"70":0,"71":0,"72":0,"73":0,"74":0,"75":0,"76":0,"77":0,"78":0,"79":0,"80":0,"81":0,"82":0,"83":0,"84":0,"85":0,"86":0,"87":0,"88":0,"89":0,"90":0,"91":0},"f":{"0":0,"1":0,"2":0,"3":0,"4":0,"5":0,"6":0,"7":0,"8":0,"9":0,"10":0,"11":0},"b":{"0":[0],"1":[0],"2":[0],"3":[0],"4":[0],"5":[0],"6":[0],"7":[0],"8":[0,0,0],"9":[0],"10":[0],"11":[0,0],"12":[0],"13":[0],"14":[0,0],"15":[0],"16":[0],"17":[0,0,0],"18":[0,0],"19":[0],"20":[0,0],"21":[0],"22":[0,0],"23":[0],"24":[0],"25":[0],"26":[0],"27":[0,0],"28":[0],"29":[0],"30":[0,0],"31":[0],"32":[0],"33":[0,0],"34":[0,0],"35":[0],"36":[0,0]}}
,"C:\\Users\\lucas\\repos\\papo-comtxae\\src\\frontend\\components\\speech\\VoiceOnboarding.tsx": {"path":"C:\\Users\\lucas\\repos\\papo-comtxae\\src\\frontend\\components\\speech\\VoiceOnboarding.tsx","statementMap":{"0":{"start":{"line":66,"column":16},"end":{"line":66,"column":32}},"1":{"start":{"line":1,"column":51},"end":{"line":1,"column":null}},"2":{"start":{"line":2,"column":40},"end":{"line":2,"column":null}},"3":{"start":{"line":3,"column":18},"end":{"line":3,"column":null}},"4":{"start":{"line":4,"column":26},"end":{"line":4,"column":null}},"5":{"start":{"line":5,"column":23},"end":{"line":5,"column":null}},"6":{"start":{"line":6,"column":36},"end":{"line":6,"column":null}},"7":{"start":{"line":7,"column":35},"end":{"line":7,"column":null}},"8":{"start":{"line":8,"column":25},"end":{"line":8,"column":null}},"9":{"start":{"line":21,"column":16},"end":{"line":21,"column":null}},"10":{"start":{"line":37,"column":14},"end":{"line":64,"column":null}},"11":{"start":{"line":67,"column":40},"end":{"line":67,"column":null}},"12":{"start":{"line":68,"column":40},"end":{"line":68,"column":null}},"13":{"start":{"line":69,"column":38},"end":{"line":69,"column":null}},"14":{"start":{"line":70,"column":26},"end":{"line":70,"column":null}},"15":{"start":{"line":71,"column":44},"end":{"line":71,"column":null}},"16":{"start":{"line":72,"column":42},"end":{"line":72,"column":null}},"17":{"start":{"line":73,"column":40},"end":{"line":73,"column":null}},"18":{"start":{"line":74,"column":24},"end":{"line":74,"column":null}},"19":{"start":{"line":75,"column":17},"end":{"line":75,"column":null}},"20":{"start":{"line":76,"column":26},"end":{"line":76,"column":null}},"21":{"start":{"line":77,"column":22},"end":{"line":77,"column":null}},"22":{"start":{"line":78,"column":25},"end":{"line":78,"column":null}},"23":{"start":{"line":79,"column":25},"end":{"line":79,"column":null}},"24":{"start":{"line":80,"column":40},"end":{"line":80,"column":null}},"25":{"start":{"line":81,"column":38},"end":{"line":81,"column":null}},"26":{"start":{"line":82,"column":36},"end":{"line":82,"column":null}},"27":{"start":{"line":83,"column":20},"end":{"line":83,"column":null}},"28":{"start":{"line":86,"column":2},"end":{"line":165,"column":null}},"29":{"start":{"line":87,"column":4},"end":{"line":161,"column":null}},"30":{"start":{"line":88,"column":35},"end":{"line":88,"column":93}},"31":{"start":{"line":89,"column":6},"end":{"line":160,"column":null}},"32":{"start":{"line":90,"column":28},"end":{"line":90,"column":null}},"33":{"start":{"line":91,"column":8},"end":{"line":91,"column":null}},"34":{"start":{"line":92,"column":8},"end":{"line":92,"column":null}},"35":{"start":{"line":93,"column":8},"end":{"line":93,"column":null}},"36":{"start":{"line":95,"column":8},"end":{"line":103,"column":null}},"37":{"start":{"line":96,"column":10},"end":{"line":102,"column":null}},"38":{"start":{"line":97,"column":25},"end":{"line":97,"column":null}},"39":{"start":{"line":98,"column":12},"end":{"line":101,"column":null}},"40":{"start":{"line":99,"column":29},"end":{"line":99,"column":62}},"41":{"start":{"line":100,"column":14},"end":{"line":100,"column":null}},"42":{"start":{"line":105,"column":8},"end":{"line":122,"column":null}},"43":{"start":{"line":106,"column":10},"end":{"line":106,"column":null}},"44":{"start":{"line":108,"column":10},"end":{"line":121,"column":null}},"45":{"start":{"line":109,"column":12},"end":{"line":113,"column":null}},"46":{"start":{"line":110,"column":14},"end":{"line":110,"column":null}},"47":{"start":{"line":111,"column":19},"end":{"line":113,"column":null}},"48":{"start":{"line":112,"column":14},"end":{"line":112,"column":null}},"49":{"start":{"line":114,"column":17},"end":{"line":121,"column":null}},"50":{"start":{"line":116,"column":12},"end":{"line":120,"column":null}},"51":{"start":{"line":124,"column":8},"end":{"line":142,"column":null}},"52":{"start":{"line":125,"column":10},"end":{"line":125,"column":null}},"53":{"start":{"line":126,"column":10},"end":{"line":126,"column":null}},"54":{"start":{"line":128,"column":32},"end":{"line":135,"column":null}},"55":{"start":{"line":137,"column":10},"end":{"line":141,"column":null}},"56":{"start":{"line":144,"column":8},"end":{"line":144,"column":null}},"57":{"start":{"line":146,"column":8},"end":{"line":151,"column":null}},"58":{"start":{"line":147,"column":10},"end":{"line":147,"column":null}},"59":{"start":{"line":148,"column":10},"end":{"line":150,"column":null}},"60":{"start":{"line":149,"column":12},"end":{"line":149,"column":null}},"61":{"start":{"line":149,"column":64},"end":{"line":149,"column":null}},"62":{"start":{"line":153,"column":8},"end":{"line":157,"column":null}},"63":{"start":{"line":159,"column":8},"end":{"line":159,"column":null}},"64":{"start":{"line":164,"column":4},"end":{"line":164,"column":null}},"65":{"start":{"line":168,"column":25},"end":{"line":236,"column":null}},"66":{"start":{"line":169,"column":4},"end":{"line":169,"column":null}},"67":{"start":{"line":169,"column":21},"end":{"line":169,"column":null}},"68":{"start":{"line":171,"column":4},"end":{"line":235,"column":null}},"69":{"start":{"line":172,"column":6},"end":{"line":172,"column":null}},"70":{"start":{"line":175,"column":6},"end":{"line":221,"column":null}},"71":{"start":{"line":180,"column":23},"end":{"line":180,"column":null}},"72":{"start":{"line":181,"column":8},"end":{"line":181,"column":null}},"73":{"start":{"line":183,"column":8},"end":{"line":188,"column":null}},"74":{"start":{"line":184,"column":36},"end":{"line":184,"column":84}},"75":{"start":{"line":185,"column":10},"end":{"line":187,"column":null}},"76":{"start":{"line":186,"column":12},"end":{"line":186,"column":null}},"77":{"start":{"line":190,"column":8},"end":{"line":220,"column":null}},"78":{"start":{"line":191,"column":10},"end":{"line":191,"column":null}},"79":{"start":{"line":192,"column":10},"end":{"line":192,"column":null}},"80":{"start":{"line":194,"column":25},"end":{"line":194,"column":null}},"81":{"start":{"line":195,"column":10},"end":{"line":195,"column":null}},"82":{"start":{"line":197,"column":28},"end":{"line":197,"column":null}},"83":{"start":{"line":199,"column":30},"end":{"line":217,"column":null}},"84":{"start":{"line":200,"column":12},"end":{"line":200,"column":null}},"85":{"start":{"line":200,"column":54},"end":{"line":200,"column":null}},"86":{"start":{"line":202,"column":12},"end":{"line":202,"column":null}},"87":{"start":{"line":203,"column":22},"end":{"line":203,"column":null}},"88":{"start":{"line":206,"column":12},"end":{"line":209,"column":null}},"89":{"start":{"line":206,"column":25},"end":{"line":206,"column":28}},"90":{"start":{"line":208,"column":14},"end":{"line":208,"column":null}},"91":{"start":{"line":211,"column":24},"end":{"line":211,"column":46}},"92":{"start":{"line":212,"column":12},"end":{"line":212,"column":null}},"93":{"start":{"line":214,"column":12},"end":{"line":216,"column":null}},"94":{"start":{"line":215,"column":14},"end":{"line":215,"column":null}},"95":{"start":{"line":219,"column":10},"end":{"line":219,"column":null}},"96":{"start":{"line":224,"column":6},"end":{"line":226,"column":null}},"97":{"start":{"line":225,"column":8},"end":{"line":225,"column":null}},"98":{"start":{"line":228,"column":6},"end":{"line":228,"column":null}},"99":{"start":{"line":229,"column":6},"end":{"line":229,"column":null}},"100":{"start":{"line":230,"column":6},"end":{"line":234,"column":null}},"101":{"start":{"line":238,"column":30},"end":{"line":250,"column":null}},"102":{"start":{"line":239,"column":23},"end":{"line":239,"column":null}},"103":{"start":{"line":240,"column":4},"end":{"line":243,"column":null}},"104":{"start":{"line":241,"column":6},"end":{"line":241,"column":null}},"105":{"start":{"line":242,"column":6},"end":{"line":242,"column":null}},"106":{"start":{"line":244,"column":4},"end":{"line":247,"column":null}},"107":{"start":{"line":245,"column":6},"end":{"line":245,"column":null}},"108":{"start":{"line":246,"column":6},"end":{"line":246,"column":null}},"109":{"start":{"line":248,"column":4},"end":{"line":248,"column":null}},"110":{"start":{"line":249,"column":4},"end":{"line":249,"column":null}},"111":{"start":{"line":252,"column":28},"end":{"line":261,"column":null}},"112":{"start":{"line":253,"column":20},"end":{"line":253,"column":null}},"113":{"start":{"line":254,"column":4},"end":{"line":259,"column":null}},"114":{"start":{"line":255,"column":22},"end":{"line":255,"column":null}},"115":{"start":{"line":256,"column":6},"end":{"line":256,"column":null}},"116":{"start":{"line":256,"column":30},"end":{"line":256,"column":null}},"117":{"start":{"line":257,"column":6},"end":{"line":257,"column":null}},"118":{"start":{"line":257,"column":30},"end":{"line":257,"column":null}},"119":{"start":{"line":258,"column":6},"end":{"line":258,"column":null}},"120":{"start":{"line":260,"column":4},"end":{"line":260,"column":null}},"121":{"start":{"line":263,"column":28},"end":{"line":269,"column":null}},"122":{"start":{"line":264,"column":22},"end":{"line":264,"column":null}},"123":{"start":{"line":265,"column":4},"end":{"line":265,"column":null}},"124":{"start":{"line":266,"column":4},"end":{"line":268,"column":null}},"125":{"start":{"line":267,"column":6},"end":{"line":267,"column":null}},"126":{"start":{"line":271,"column":28},"end":{"line":275,"column":null}},"127":{"start":{"line":272,"column":4},"end":{"line":274,"column":null}},"128":{"start
[...]
ll}},"loc":{"start":{"line":18,"column":24},"end":{"line":213,"column":null}}},"1":{"name":"(anonymous_6)","decl":{"start":{"line":26,"column":29},"end":{"line":26,"column":36}},"loc":{"start":{"line":26,"column":36},"end":{"line":29,"column":null}}},"2":{"name":"(anonymous_7)","decl":{"start":{"line":32,"column":27},"end":{"line":32,"column":28}},"loc":{"start":{"line":32,"column":28},"end":{"line":34,"column":null}}},"3":{"name":"(anonymous_8)","decl":{"start":{"line":37,"column":29},"end":{"line":37,"column":36}},"loc":{"start":{"line":37,"column":36},"end":{"line":67,"column":null}}},"4":{"name":"(anonymous_9)","decl":{"start":{"line":70,"column":25},"end":{"line":70,"column":null}},"loc":{"start":{"line":70,"column":25},"end":{"line":72,"column":null}}},"5":{"name":"(anonymous_10)","decl":{"start":{"line":75,"column":29},"end":{"line":75,"column":null}},"loc":{"start":{"line":75,"column":29},"end":{"line":172,"column":null}}},"6":{"name":"(anonymous_11)","decl":{"start":{"line":87,"column":23},"end":{"line":87,"column":29}},"loc":{"start":{"line":87,"column":29},"end":{"line":87,"column":null}}},"7":{"name":"(anonymous_12)","decl":{"start":{"line":106,"column":24},"end":{"line":106,"column":30}},"loc":{"start":{"line":106,"column":30},"end":{"line":106,"column":null}}},"8":{"name":"(anonymous_13)","decl":{"start":{"line":134,"column":25},"end":{"line":134,"column":31}},"loc":{"start":{"line":134,"column":31},"end":{"line":134,"column":null}}},"9":{"name":"(anonymous_14)","decl":{"start":{"line":141,"column":25},"end":{"line":141,"column":31}},"loc":{"start":{"line":141,"column":31},"end":{"line":141,"column":null}}}},"branchMap":{"0":{"loc":{"start":{"line":38,"column":4},"end":{"line":42,"column":null}},"type":"if","locations":[{"start":{"line":38,"column":4},"end":{"line":42,"column":null}}]},"1":{"loc":{"start":{"line":55,"column":6},"end":{"line":60,"column":null}},"type":"if","locations":[{"start":{"line":55,"column":6},"end":{"line":60,"column":null}},{"start":{"line":58,"column":13},"end":{"line":60,"column":null}}]},"2":{"loc":{"start":{"line":58,"column":13},"end":{"line":60,"column":null}},"type":"if","locations":[{"start":{"line":58,"column":13},"end":{"line":60,"column":null}}]},"3":{"loc":{"start":{"line":111,"column":13},"end":{"line":111,"column":null}},"type":"binary-expr","locations":[{"start":{"line":111,"column":13},"end":{"line":111,"column":null}}]},"4":{"loc":{"start":{"line":140,"column":46},"end":{"line":140,"column":71}},"type":"cond-expr","locations":[{"start":{"line":140,"column":56},"end":{"line":140,"column":68}},{"start":{"line":140,"column":68},"end":{"line":140,"column":71}}]},"5":{"loc":{"start":{"line":189,"column":35},"end":{"line":189,"column":77}},"type":"cond-expr","locations":[{"start":{"line":189,"column":57},"end":{"line":189,"column":74}},{"start":{"line":189,"column":74},"end":{"line":189,"column":77}}]},"6":{"loc":{"start":{"line":190,"column":35},"end":{"line":190,"column":133}},"type":"cond-expr","locations":[{"start":{"line":190,"column":113},"end":{"line":190,"column":130}},{"start":{"line":190,"column":130},"end":{"line":190,"column":133}}]},"7":{"loc":{"start":{"line":190,"column":35},"end":{"line":190,"column":113}},"type":"binary-expr","locations":[{"start":{"line":190,"column":35},"end":{"line":190,"column":62}},{"start":{"line":190,"column":62},"end":{"line":190,"column":90}},{"start":{"line":190,"column":90},"end":{"line":190,"column":113}}]},"8":{"loc":{"start":{"line":191,"column":35},"end":{"line":191,"column":106}},"type":"cond-expr","locations":[{"start":{"line":191,"column":86},"end":{"line":191,"column":103}},{"start":{"line":191,"column":103},"end":{"line":191,"column":106}}]},"9":{"loc":{"start":{"line":191,"column":35},"end":{"line":191,"column":86}},"type":"binary-expr","locations":[{"start":{"line":191,"column":35},"end":{"line":191,"column":63}},{"start":{"line":191,"column":63},"end":{"line":191,"column":86}}]},"10":{"loc":{"start":{"line":192,"column":35},"end":{"line":192,"column":78}},"type":"cond-expr","locations":[{"start":{"line":192,"column":58},"end":{"line":192,"column":75}},{"start":{"line":192,"column":75},"end":{"line":192,"column":78}}]},"11":{"loc":{"start":{"line":199,"column":12},"end":{"line":199,"column":35}},"type":"binary-expr","locations":[{"start":{"line":199,"column":12},"end":{"line":199,"column":35}},{"start":{"line":199,"column":35},"end":{"line":199,"column":57}}]}},"s":{"0":0,"1":0,"2":0,"3":0,"4":0,"5":0,"6":0,"7":0,"8":0,"9":0,"10":0,"11":0,"12":0,"13":0,"14":0,"15":0,"16":0,"17":0,"18":0,"19":0,"20":0,"21":0,"22":0,"23":0,"24":0,"25":0,"26":0,"27":0,"28":0,"29":0,"30":0,"31":0,"32":0,"33":0,"34":0,"35":0,"36":0,"37":0,"38":0,"39":0,"40":0},"f":{"0":0,"1":0,"2":0,"3":0,"4":0,"5":0,"6":0,"7":0,"8":0,"9":0},"b":{"0":[0],"1":[0,0],"2":[0],"3":[0],"4":[0,0],"5":[0,0],"6":[0,0],"7":[0,0,0],"8":[0,0],"9":[0,0],"10":[0,0],"11":[0,0]}}
,"C:\\Users\\lucas\\repos\\papo-comtxae\\src\\frontend\\utils\\api.ts": {"path":"C:\\Users\\lucas\\repos\\papo-comtxae\\src\\frontend\\utils\\api.ts","statementMap":{"0":{"start":{"line":4,"column":13},"end":{"line":4,"column":20}},"1":{"start":{"line":138,"column":22},"end":{"line":138,"column":32}},"2":{"start":{"line":236,"column":22},"end":{"line":236,"column":25}},"3":{"start":{"line":188,"column":22},"end":{"line":188,"column":25}},"4":{"start":{"line":50,"column":16},"end":{"line":50,"column":29}},"5":{"start":{"line":204,"column":22},"end":{"line":204,"column":26}},"6":{"start":{"line":220,"column":22},"end":{"line":220,"column":25}},"7":{"start":{"line":1,"column":69},"end":{"line":1,"column":null}},"8":{"start":{"line":4,"column":23},"end":{"line":4,"column":null}},"9":{"start":{"line":7,"column":12},"end":{"line":7,"column":null}},"10":{"start":{"line":41,"column":40},"end":{"line":45,"column":null}},"11":{"start":{"line":51,"column":2},"end":{"line":125,"column":null}},"12":{"start":{"line":52,"column":23},"end":{"line":52,"column":null}},"13":{"start":{"line":55,"column":4},"end":{"line":61,"column":null}},"14":{"start":{"line":56,"column":6},"end":{"line":60,"column":null}},"15":{"start":{"line":63,"column":4},"end":{"line":69,"column":null}},"16":{"start":{"line":64,"column":6},"end":{"line":68,"column":null}},"17":{"start":{"line":72,"column":19},"end":{"line":72,"column":45}},"18":{"start":{"line":73,"column":17},"end":{"line":73,"column":41}},"19":{"start":{"line":75,"column":4},"end":{"line":124,"column":null}},"20":{"start":{"line":77,"column":8},"end":{"line":83,"column":null}},"21":{"start":{"line":85,"column":8},"end":{"line":91,"column":null}},"22":{"start":{"line":93,"column":8},"end":{"line":99,"column":null}},"23":{"start":{"line":101,"column":8},"end":{"line":107,"column":null}},"24":{"start":{"line":109,"column":8},"end":{"line":115,"column":null}},"25":{"start":{"line":117,"column":8},"end":{"line":123,"column":null}},"26":{"start":{"line":128,"column":2},"end":{"line":132,"column":null}},"27":{"start":{"line":142,"column":27},"end":{"line":142,"column":null}},"28":{"start":{"line":143,"column":16},"end":{"line":143,"column":null}},"29":{"start":{"line":145,"column":22},"end":{"line":180,"column":null}},"30":{"start":{"line":146,"column":4},"end":{"line":179,"column":null}},"31":{"start":{"line":147,"column":23},"end":{"line":151,"column":null}},"32":{"start":{"line":153,"column":6},"end":{"line":156,"column":null}},"33":{"start":{"line":158,"column":26},"end":{"line":158,"column":null}},"34":{"start":{"line":162,"column":8},"end":{"line":164,"column":null}},"35":{"start":{"line":166,"column":6},"end":{"line":173,"column":null}},"36":{"start":{"line":167,"column":8},"end":{"line":167,"column":null}},"37":{"start":{"line":168,"column":22},"end":{"line":168,"column":null}},"38":{"start":{"line":171,"column":8},"end":{"line":171,"column":null}},"39":{"start":{"line":171,"column":37},"end":{"line":171,"column":null}},"40":{"start":{"line":172,"column":8},"end":{"line":172,"column":null}},"41":{"start":{"line":175,"column":6},"end":{"line":178,"column":null}},"42":{"start":{"line":182,"column":2},"end":{"line":182,"column":null}},"43":{"start":{"line":193,"column":2},"end":{"line":198,"column":null}},"44":{"start":{"line":209,"column":2},"end":{"line":214,"column":null}},"45":{"start":{"line":225,"column":2},"end":{"line":230,"column":null}},"46":{"start":{"line":240,"column":2},"end":{"line":244,"column":null}}},"fnMap":{"0":{"name":"(anonymous_10)","decl":{"start":{"line":7,"column":12},"end":{"line":7,"column":null}},"loc":{"start":{"line":7,"column":12},"end":{"line":7,"column":null}}},"1":{"name":"parseApiError","decl":{"start":{"line":50,"column":16},"end":{"line":50,"column":29}},"loc":{"start":{"line":50,"column":40},"end":{"line":133,"column":null}}},"2":{"name":"apiRequest","decl":{"start":{"line":138,"column":22},"end":{"line":138,"column":32}},"loc":{"start":{"line":140,"column":40},"end":{"line":183,"column":null}}},"3":{"name":"(anonymous_13)","decl":{"start":{"line":145,"column":22},"end":{"line":145,"column":null}},"loc":{"start":{"line":145,"column":22},"end":{"line":180,"column":null}}},"4":{"name":"(anonymous_14)","decl":{"start":{"line":171,"column":26},"end":{"line":171,"column":37}},"loc":{"start":{"line":171,"column":37},"end":{"line":171,"column":null}}},"5":{"name":"get","decl":{"start":{"line":188,"column":22},"end":{"line":188,"column":25}},"loc":{"start":{"line":191,"column":42},"end":{"line":199,"column":null}}},"6":{"name":"post","decl":{"start":{"line":204,"column":22},"end":{"line":204,"column":26}},"loc":{"start":{"line":207,"column":42},"end":{"line":215,"column":null}}},"7":{"name":"put","decl":{"start":{"line":220,"column":22},"end":{"line":220,"column":25}},"loc":{"start":{"line":223,"column":42},"end":{"line":231,"column":null}}},"8":{"name":"del","decl":{"start":{"line":236,"column":22},"end":{"line":236,"column":25}},"loc":{"start":{"line":238,"column":42},"end":{"line":245,"column":null}}}},"branchMap":{"0":{"loc":{"start":{"line":4,"column":23},"end":{"line":4,"column":null}},"type":"binary-expr","locations":[{"start":{"line":4,"column":23},"end":{"line":4,"column":54}},{"start":{"line":4,"column":58},"end":{"line":4,"column":null}}]},"1":{"loc":{"start":{"line":7,"column":12},"end":{"line":7,"column":null}},"type":"binary-expr","locations":[{"start":{"line":7,"column":12},"end":{"line":7,"column":null}},{"start":{"line":7,"column":12},"end":{"line":7,"column":null}}]},"2":{"loc":{"start":{"line":51,"column":2},"end":{"line":125,"column":null}},"type":"if","locations":[{"start":{"line":51,"column":2},"end":{"line":125,"column":null}}]},"3":{"loc":{"start":{"line":55,"column":4},"end":{"line":61,"column":null}},"type":"if","locations":[{"start":{"line":55,"column":4},"end":{"line":61,"column":null}}]},"4":{"loc":{"start":{"line":63,"column":4},"end":{"line":69,"column":null}},"type":"if","locations":[{"start":{"line":63,"column":4},"end":{"line":69,"column":null}}]},"5":{"loc":{"start":{"line":75,"column":4},"end":{"line":124,"column":null}},"type":"switch","locations":[{"start":{"line":76,"column":6},"end":{"line":83,"column":null}},{"start":{"line":84,"column":6},"end":{"line":91,"column":null}},{"start":{"line":92,"column":6},"end":{"line":99,"column":null}},{"start":{"line":100,"column":6},"end":{"line":107,"column":null}},{"start":{"line":108,"column":6},"end":{"line":115,"column":null}},{"start":{"line":116,"column":6},"end":{"line":123,"column":null}}]},"6":{"loc":{"start":{"line":120,"column":19},"end":{"line":120,"column":null}},"type":"binary-expr","locations":[{"start":{"line":120,"column":19},"end":{"line":120,"column":36}},{"start":{"line":120,"column":36},"end":{"line":120,"column":null}}]},"7":{"loc":{"start":{"line":130,"column":13},"end":{"line":130,"column":null}},"type":"binary-expr","locations":[{"start":{"line":130,"column":13},"end":{"line":130,"column":31}},{"start":{"line":130,"column":31},"end":{"line":130,"column":null}}]},"8":{"loc":{"start":{"line":140,"column":2},"end":{"line":140,"column":40}},"type":"default-arg","locations":[{"start":{"line":140,"column":38},"end":{"line":140,"column":40}}]},"9":{"loc":{"start":{"line":162,"column":8},"end":{"line":164,"column":null}},"type":"binary-expr","locations":[{"start":{"line":162,"column":8},"end":{"line":162,"column":45}},{"start":{"line":163,"column":9},"end":{"line":163,"column":null}},{"start":{"line":164,"column":11},"end":{"line":164,"column":29}},{"start":{"line":164,"column":33},"end":{"line":164,"column":95}}]},"10":{"loc":{"start":{"line":166,"column":6},"end":{"line":173,"column":null}},"type":"if","locations":[{"start":{"line":166,"column":6},"end":{"line":173,"column":null}}]},"11":{"loc":{"start":{"line":191,"column":2},"end":{"line":191,"column":42}},"type":"default-arg","locations":[{"start":{"line":191,"column":40},"end":{"line":191,"column":42}}]},"12":{"loc":{"start":{"line":207,"column":2},"end":{"line":207,"column":42}},"type":"default-arg","locations":[{"start":{"line":207,"column":40},"end":{"line":207,"column":42}}]},"13":{"loc":{"start":{"line":223,"column":2},"end":{"line":223,"column":42}},"type":"default-arg","locations":[{"start":{"line":223,"column":40},"end":{"line":223,"column":42}}]},"14":{"loc":{"start":{"line":238,"column":2},"end":{"line":238,"column":42}},"type":"default-arg","locations":[{"start":{"line":238,"column":40},"end":{"line":238,"column":42}}]}},"s":{"0":0,"1":0,"2":0,"3":0,"4":0,"5":0,"6":0,"7":0,"8":0,"9":0,"10":0,"11":0,"12":0,"13":0,"14":0,"15":0,"16":0,"17":0,"18":0,"19":0,"20":0,"21":0,"22":0,"23":0,"24":0,"25":0,"26":0,"27":0,"28":0,"29":0,"30":0,"31":0,"32":0,"33":0,"34":0,"35":0,"36":0,"37":0,"38":0,"39":0,"40":0,"41":0,"42":0,"43":0,"44":0,"45":0,"46":0},"f":{"0":0,"1":0,"2":0,"3":0,"4":0,"5":0,"6":0,"7":0,"8":0},"b":{"0":[0,0],"1":[0,0],"2":[0],"3":[0],"4":[0],"5":[0,0,0,0,0,0],"6":[0,0],"7":[0,0],"8":[0],"9":[0,0,0,0],"10":[0],"11":[0],"12":[0],"13":[0],"14":[0]}}
,"C:\\Users\\lucas\\repos\\papo-comtxae\\src\\frontend\\utils\\assert.ts": {"path":"C:\\Users\\lucas\\repos\\papo-comtxae\\src\\frontend\\utils\\assert.ts","statementMap":{"0":{"start":{"line":8,"column":16},"end":{"line":8,"column":22}},"1":{"start":{"line":17,"column":16},"end":{"line":17,"column":29}},"2":{"start":{"line":26,"column":16},"end":{"line":26,"column":27}},"3":{"start":{"line":36,"column":16},"end":{"line":36,"column":26}},"4":{"start":{"line":43,"column":16},"end":{"line":43,"column":29}},"5":{"start":{"line":9,"column":2},"end":{"line":11,"column":null}},"6":{"start":{"line":10,"column":4},"end":{"line":10,"column":null}},"7":{"start":{"line":18,"column":2},"end":{"line":20,"column":null}},"8":{"start":{"line":19,"column":4},"end":{"line":19,"column":null}},"9":{"start":{"line":30,"column":2},"end":{"line":30,"column":null}},"10":{"start":{"line":37,"column":2},"end":{"line":37,"column":null}},"11":{"start":{"line":47,"column":2},"end":{"line":54,"column":null}},"12":{"start":{"line":48,"column":4},"end":{"line":52,"column":null}},"13":{"start":{"line":49,"column":6},"end":{"line":49,"column":null}},"14":{"start":{"line":51,"column":6},"end":{"line":51,"column":null}},"15":{"start":{"line":53,"column":4},"end":{"line":53,"column":null}}},"fnMap":{"0":{"name":"assert","decl":{"start":{"line":8,"column":16},"end":{"line":8,"column":22}},"loc":{"start":{"line":8,"column":58},"end":{"line":12,"column":null}}},"1":{"name":"assertDefined","decl":{"start":{"line":17,"column":16},"end":{"line":17,"column":29}},"loc":{"start":{"line":17,"column":77},"end":{"line":21,"column":null}}},"2":{"name":"hasProperty","decl":{"start":{"line":26,"column":16},"end":{"line":26,"column":27}},"loc":{"start":{"line":28,"column":9},"end":{"line":31,"column":null}}},"3":{"name":"safeAccess","decl":{"start":{"line":36,"column":16},"end":{"line":36,"column":26}},"loc":{"start":{"line":36,"column":82},"end":{"line":38,"column":null}}},"4":{"name":"tryCatchAsync","decl":{"start":{"line":43,"column":16},"end":{"line":43,"column":29}},"loc":{"start":{"line":45,"column":41},"end":{"line":55,"column":null}}},"5":{"name":"(anonymous_11)","decl":{"start":{"line":47,"column":20},"end":{"line":47,"column":21}},"loc":{"start":{"line":47,"column":21},"end":{"line":54,"column":null}}}},"branchMap":{"0":{"loc":{"start":{"line":9,"column":2},"end":{"line":11,"column":null}},"type":"if","locations":[{"start":{"line":9,"column":2},"end":{"line":11,"column":null}}]},"1":{"loc":{"start":{"line":18,"column":2},"end":{"line":20,"column":null}},"type":"if","locations":[{"start":{"line":18,"column":2},"end":{"line":20,"column":null}}]},"2":{"loc":{"start":{"line":18,"column":6},"end":{"line":18,"column":45}},"type":"binary-expr","locations":[{"start":{"line":18,"column":6},"end":{"line":18,"column":24}},{"start":{"line":18,"column":24},"end":{"line":18,"column":45}}]},"3":{"loc":{"start":{"line":37,"column":9},"end":{"line":37,"column":null}},"type":"cond-expr","locations":[{"start":{"line":37,"column":15},"end":{"line":37,"column":23}},{"start":{"line":37,"column":26},"end":{"line":37,"column":null}}]},"4":{"loc":{"start":{"line":48,"column":4},"end":{"line":52,"column":null}},"type":"if","locations":[{"start":{"line":48,"column":4},"end":{"line":52,"column":null}},{"start":{"line":50,"column":11},"end":{"line":52,"column":null}}]}},"s":{"0":0,"1":0,"2":0,"3":0,"4":0,"5":0,"6":0,"7":0,"8":0,"9":0,"10":0,"11":0,"12":0,"13":0,"14":0,"15":0},"f":{"0":0,"1":0,"2":0,"3":0,"4":0,"5":0},"b":{"0":[0],"1":[0],"2":[0,0],"3":[0,0],"4":[0,0]}}
,"C:\\Users\\lucas\\repos\\papo-comtxae\\src\\frontend\\utils\\errorBoundary.tsx": {"path":"C:\\Users\\lucas\\repos\\papo-comtxae\\src\\frontend\\utils\\errorBoundary.tsx","statementMap":{"0":{"start":{"line":14,"column":13},"end":{"line":14,"column":35}},"1":{"start":{"line":1,"column":55},"end":{"line":1,"column":null}},"2":{"start":{"line":16,"column":4},"end":{"line":16,"column":null}},"3":{"start":{"line":17,"column":4},"end":{"line":17,"column":null}},"4":{"start":{"line":21,"column":4},"end":{"line":21,"column":null}},"5":{"start":{"line":25,"column":4},"end":{"line":27,"column":null}},"6":{"start":{"line":26,"column":6},"end":{"line":26,"column":null}},"7":{"start":{"line":28,"column":4},"end":{"line":28,"column":null}},"8":{"start":{"line":32,"column":4},"end":{"line":45,"column":null}},"9":{"start":{"line":39,"column":27},"end":{"line":39,"column":null}},"10":{"start":{"line":47,"column":4},"end":{"line":47,"column":null}}},"fnMap":{"0":{"name":"(anonymous_4)","decl":{"start":{"line":15,"column":2},"end":{"line":15,"column":14}},"loc":{"start":{"line":15,"column":41},"end":{"line":18,"column":null}}},"1":{"name":"(anonymous_5)","decl":{"start":{"line":20,"column":2},"end":{"line":20,"column":9}},"loc":{"start":{"line":20,"column":68},"end":{"line":22,"column":null}}},"2":{"name":"(anonymous_6)","decl":{"start":{"line":24,"column":2},"end":{"line":24,"column":20}},"loc":{"start":{"line":24,"column":62},"end":{"line":29,"column":null}}},"3":{"name":"(anonymous_7)","decl":{"start":{"line":31,"column":2},"end":{"line":31,"column":22}},"loc":{"start":{"line":31,"column":22},"end":{"line":48,"column":null}}},"4":{"name":"(anonymous_8)","decl":{"start":{"line":39,"column":21},"end":{"line":39,"column":27}},"loc":{"start":{"line":39,"column":27},"end":{"line":39,"column":null}}}},"branchMap":{"0":{"loc":{"start":{"line":25,"column":4},"end":{"line":27,"column":null}},"type":"if","locations":[{"start":{"line":25,"column":4},"end":{"line":27,"column":null}}]},"1":{"loc":{"start":{"line":32,"column":4},"end":{"line":45,"column":null}},"type":"if","locations":[{"start":{"line":32,"column":4},"end":{"line":45,"column":null}}]},"2":{"loc":{"start":{"line":33,"column":13},"end":{"line":33,"column":32}},"type":"binary-expr","locations":[{"start":{"line":33,"column":13},"end":{"line":33,"column":32}}]}},"s":{"0":0,"1":0,"2":0,"3":0,"4":0,"5":0,"6":0,"7":0,"8":0,"9":0,"10":0},"f":{"0":0,"1":0,"2":0,"3":0,"4":0},"b":{"0":[0],"1":[0],"2":[0]}}
}
