TN:
SF:components\AuthCheck.tsx
FN:14,(anonymous_6)
FN:22,(anonymous_7)
FNF:2
FNH:0
FNDA:0,(anonymous_6)
FNDA:0,(anonymous_7)
DA:1,0
DA:2,0
DA:3,0
DA:14,0
DA:18,0
DA:19,0
DA:20,0
DA:22,0
DA:23,0
DA:24,0
DA:28,0
DA:39,0
DA:40,0
DA:46,0
LF:14
LH:0
BRDA:16,0,0,0
BRDA:23,1,0,0
BRDA:23,2,0,0
BRDA:23,2,1,0
BRDA:28,3,0,0
BRDA:39,4,0,0
BRF:6
BRH:0
end_of_record
TN:
SF:components\index.ts
FNF:0
FNH:0
DA:13,0
DA:14,0
DA:15,0
DA:16,0
DA:17,0
DA:18,0
DA:19,0
DA:23,0
DA:24,0
DA:28,0
DA:29,0
DA:30,0
DA:31,0
DA:32,0
LF:14
LH:0
BRF:0
BRH:0
end_of_record
TN:
SF:components\form\AssociationSelection.tsx
FN:23,AssociationSelection
FN:57,(anonymous_8)
FN:58,(anonymous_9)
FN:60,(anonymous_10)
FN:67,(anonymous_11)
FN:101,(anonymous_12)
FN:119,(anonymous_13)
FN:164,(anonymous_14)
FN:172,(anonymous_15)
FNF:9
FNH:0
FNDA:0,AssociationSelection
FNDA:0,(anonymous_8)
FNDA:0,(anonymous_9)
FNDA:0,(anonymous_10)
FNDA:0,(anonymous_11)
FNDA:0,(anonymous_12)
FNDA:0,(anonymous_13)
FNDA:0,(anonymous_14)
FNDA:0,(anonymous_15)
DA:1,0
DA:2,0
DA:3,0
DA:4,0
DA:5,0
DA:7,0
DA:23,0
DA:28,0
DA:52,0
DA:53,0
DA:54,0
DA:55,0
DA:57,0
DA:58,0
DA:59,0
DA:60,0
DA:62,0
DA:67,0
DA:68,0
DA:69,0
DA:74,0
DA:77,0
DA:79,0
DA:81,0
DA:86,0
DA:90,0
DA:98,0
DA:99,0
DA:101,0
DA:105,0
DA:106,0
DA:112,0
DA:117,0
DA:119,0
DA:165,0
DA:172,0
DA:232,0
LF:37
LH:0
BRDA:7,0,0,0
BRDA:7,0,1,0
BRDA:26,1,0,0
BRDA:59,2,0,0
BRDA:59,2,1,0
BRDA:68,3,0,0
BRDA:98,4,0,0
BRDA:98,4,1,0
BRDA:170,5,0,0
BRDA:170,5,1,0
BRDA:179,6,0,0
BRDA:205,7,0,0
BRDA:205,7,1,0
BRDA:210,8,0,0
BRDA:210,8,1,0
BRF:15
BRH:0
end_of_record
TN:
SF:components\form\index.ts
FNF:0
FNH:0
DA:11,0
LF:1
LH:0
BRF:0
BRH:0
end_of_record
TN:
SF:components\speech\EnhancedVoiceButton.tsx
FN:26,EnhancedVoiceButton
FN:44,(anonymous_5)
FN:49,(anonymous_6)
FN:50,(anonymous_7)
FN:65,(anonymous_8)
FN:73,(anonymous_9)
FN:81,(anonymous_10)
FN:96,(anonymous_11)
FN:108,(anonymous_12)
FN:130,(anonymous_13)
FN:131,(anonymous_14)
FN:132,(anonymous_15)
FN:133,(anonymous_16)
FNF:13
FNH:10
FNDA:172,EnhancedVoiceButton
FNDA:114,(anonymous_5)
FNDA:119,(anonymous_6)
FNDA:3,(anonymous_7)
FNDA:119,(anonymous_8)
FNDA:48,(anonymous_9)
FNDA:48,(anonymous_10)
FNDA:172,(anonymous_11)
FNDA:1,(anonymous_12)
FNDA:1,(anonymous_13)
FNDA:0,(anonymous_14)
FNDA:0,(anonymous_15)
FNDA:0,(anonymous_16)
DA:1,2
DA:2,2
DA:3,2
DA:26,116
DA:39,172
DA:40,172
DA:41,172
DA:44,172
DA:45,114
DA:49,172
DA:50,119
DA:51,3
DA:52,2
DA:53,2
DA:54,1
DA:55,0
DA:56,0
DA:60,119
DA:61,119
DA:62,119
DA:65,119
DA:66,119
DA:67,119
DA:73,172
DA:74,48
DA:75,48
DA:76,5
DA:81,172
DA:82,48
DA:84,48
DA:85,48
DA:86,48
DA:88,48
DA:89,45
DA:91,3
DA:96,172
DA:97,172
DA:99,1
DA:101,1
DA:103,170
DA:108,172
DA:109,1
DA:110,1
DA:111,0
DA:130,1
DA:131,0
DA:132,0
DA:133,0
LF:48
LH:42
BRDA:30,0,0,30
BRDA:31,1,0,30
BRDA:32,2,0,22
BRDA:33,3,0,29
BRDA:34,4,0,171
BRDA:35,5,0,171
BRDA:36,6,0,171
BRDA:37,7,0,169
BRDA:51,8,0,2
BRDA:51,8,1,1
BRDA:51,9,0,3
BRDA:51,9,1,2
BRDA:54,10,0,0
BRDA:54,11,0,1
BRDA:54,11,1,1
BRDA:61,12,0,119
BRDA:66,13,0,119
BRDA:74,14,0,48
BRDA:74,15,0,48
BRDA:74,15,1,48
BRDA:75,16,0,5
BRDA:76,17,0,2
BRDA:76,17,1,3
BRDA:82,18,0,0
BRDA:82,19,0,48
BRDA:82,19,1,48
BRDA:88,20,0,45
BRDA:88,20,1,3
BRDA:97,21,0,1
BRDA:97,21,1,1
BRDA:97,21,2,170
BRDA:109,22,0,0
BRDA:110,23,0,1
BRDA:119,24,0,96
BRDA:119,24,1,76
BRDA:121,25,0,1
BRDA:121,25,1,171
BRDA:124,26,0,172
BRDA:124,26,1,170
BRDA:125,27,0,96
BRDA:125,27,1,76
BRDA:127,28,0,172
BRDA:127,28,1,170
BRDA:128,29,0,1
BRDA:128,29,1,171
BRDA:134,30,0,3
BRDA:134,30,1,169
BRDA:134,31,0,172
BRDA:134,31,1,170
BRDA:135,32,0,3
BRDA:135,32,1,169
BRDA:135,33,0,172
BRDA:135,33,1,170
BRDA:146,34,0,1
BRDA:146,34,1,171
BRDA:148,35,0,96
BRDA:148,35,1,75
BRDA:140,36,0,1
BRDA:140,36,1,171
BRDA:140,37,0,96
BRDA:140,37,1,75
BRDA:158,38,0,172
BRDA:158,38,1,96
BRDA:170,39,0,172
BRDA:170,39,1,96
BRDA:181,40,0,172
BRDA:193,41,0,172
BRDA:193,41,1,2
BRDA:200,42,0,0
BRDA:200,42,1,2
BRDA:202,43,0,0
BRDA:202,43,1,2
BRF:72
BRH:67
end_of_record
TN:
SF:components\speech\VoiceAuthentication.tsx
FN:31,VoiceAuthentication
FN:52,(anonymous_5)
FN:55,(anonymous_6)
FN:61,(anonymous_7)
FN:71,(anonymous_8)
FN:89,(anonymous_9)
FN:106,(anonymous_10)
FN:125,(anonymous_11)
FN:156,(anonymous_12)
FN:185,(anonymous_13)
FN:197,(anonymous_14)
FN:227,(anonymous_15)
FN:266,(anonymous_16)
FN:278,(anonymous_17)
FN:282,(anonymous_18)
FN:293,(anonymous_19)
FN:355,(anonymous_20)
FNF:17
FNH:6
FNDA:5,VoiceAuthentication
FNDA:5,(anonymous_5)
FNDA:5,(anonymous_6)
FNDA:5,(anonymous_7)
FNDA:0,(anonymous_8)
FNDA:5,(anonymous_9)
FNDA:0,(anonymous_10)
FNDA:0,(anonymous_11)
FNDA:0,(anonymous_12)
FNDA:0,(anonymous_13)
FNDA:0,(anonymous_14)
FNDA:0,(anonymous_15)
FNDA:5,(anonymous_16)
FNDA:0,(anonymous_17)
FNDA:0,(anonymous_18)
FNDA:0,(anonymous_19)
FNDA:0,(anonymous_20)
DA:1,1
DA:2,1
DA:3,1
DA:4,1
DA:31,5
DA:39,5
DA:40,5
DA:41,5
DA:42,5
DA:43,5
DA:45,5
DA:46,5
DA:47,5
DA:48,5
DA:49,5
DA:52,5
DA:53,5
DA:55,5
DA:56,5
DA:61,5
DA:62,5
DA:63,5
DA:64,5
DA:65,5
DA:66,5
DA:67,5
DA:68,5
DA:71,5
DA:72,0
DA:73,0
DA:74,0
DA:75,0
DA:77,0
DA:78,0
DA:81,0
DA:82,0
DA:83,0
DA:89,5
DA:90,5
DA:93,5
DA:94,0
DA:95,0
DA:96,0
DA:97,0
DA:99,0
DA:100,0
DA:101,0
DA:106,5
DA:107,0
DA:108,0
DA:109,0
DA:110,0
DA:111,0
DA:114,5
DA:116,0
DA:117,0
DA:118,0
DA:119,0
DA:125,5
DA:127,0
DA:130,0
DA:137,0
DA:138,0
DA:139,0
DA:141,0
DA:146,0
DA:147,0
DA:148,0
DA:149,0
DA:152,0
DA:156,5
DA:157,0
DA:159,0
DA:162,0
DA:169,0
DA:176,0
DA:177,0
DA:178,0
DA:179,0
DA:181,0
DA:182,0
DA:185,0
DA:186,0
DA:190,0
DA:191,0
DA:192,0
DA:193,0
DA:197,5
DA:198,0
DA:199,0
DA:200,0
DA:201,0
DA:203,0
DA:204,0
DA:205,0
DA:208,0
DA:209,0
DA:210,0
DA:213,0
DA:215,0
DA:216,0
DA:217,0
DA:219,0
DA:220,0
DA:223,0
DA:224,0
DA:225,0
DA:227,0
DA:228,0
DA:229,0
DA:230,0
DA:233,0
DA:235,0
DA:238,0
DA:239,0
DA:241,0
DA:242,0
DA:248,0
DA:253,0
DA:254,0
DA:257,0
DA:258,0
DA:259,0
DA:260,0
DA:261,0
DA:262,0
DA:266,5
DA:267,5
DA:269,5
DA:270,5
DA:271,5
DA:277,5
DA:278,0
DA:281,5
DA:282,0
DA:285,5
DA:287,5
DA:288,0
DA:293,5
DA:294,0
DA:295,0
DA:356,0
DA:357,0
LF:143
LH:46
BRDA:32,0,0,5
BRDA:36,1,0,5
BRDA:37,2,0,5
BRDA:62,3,0,5
BRDA:63,4,0,5
BRDA:63,4,1,0
BRDA:64,5,0,5
BRDA:64,5,1,0
BRDA:72,6,0,0
BRDA:75,7,0,0
BRDA:75,7,1,0
BRDA:77,8,0,0
BRDA:82,9,0,0
BRDA:82,10,0,0
BRDA:82,10,1,0
BRDA:93,11,0,0
BRDA:93,12,0,5
BRDA:93,12,1,0
BRDA:96,13,0,0
BRDA:96,13,1,0
BRDA:101,14,0,0
BRDA:111,15,0,0
BRDA:119,16,0,0
BRDA:139,17,0,0
BRDA:139,18,0,0
BRDA:139,18,1,0
BRDA:147,19,0,0
BRDA:147,20,0,0
BRDA:147,20,1,0
BRDA:176,21,0,0
BRDA:176,21,1,0
BRDA:179,22,0,0
BRDA:182,23,0,0
BRDA:193,24,0,0
BRDA:208,25,0,0
BRDA:208,25,1,0
BRDA:209,26,0,0
BRDA:215,27,0,0
BRDA:219,28,0,0
BRDA:228,29,0,0
BRDA:235,30,0,0
BRDA:235,30,1,0
BRDA:241,31,0,0
BRDA:253,32,0,0
BRDA:262,33,0,0
BRDA:269,34,0,5
BRDA:277,35,0,0
BRDA:281,36,0,0
BRDA:287,37,0,0
BRDA:287,38,0,5
BRDA:287,38,1,0
BRDA:295,39,0,0
BRDA:303,40,0,5
BRDA:318,41,0,5
BRDA:324,42,0,0
BRDA:324,42,1,0
BRDA:334,43,0,5
BRDA:341,44,0,5
BRDA:349,45,0,5
BRF:59
BRH:14
end_of_record
TN:
SF:components\speech\VoiceInput.tsx
FN:37,VoiceInput
FN:58,(anonymous_5)
FN:72,(anonymous_6)
FN:90,(anonymous_7)
FN:96,(anonymous_8)
FN:112,(anonymous_9)
FN:123,(anonymous_10)
FN:130,(anonymous_11)
FN:142,(anonymous_12)
FN:150,(anonymous_13)
FN:172,(anonymous_14)
FN:176,(anonymous_15)
FNF:12
FNH:0
FNDA:0,VoiceInput
FNDA:0,(anonymous_5)
FNDA:0,(anonymous_6)
FNDA:0,(anonymous_7)
FNDA:0,(anonymous_8)
FNDA:0,(anonymous_9)
FNDA:0,(anonymous_10)
FNDA:0,(anonymous_11)
FNDA:0,(anonymous_12)
FNDA:0,(anonymous_13)
FNDA:0,(anonymous_14)
FNDA:0,(anonymous_15)
DA:1,0
DA:2,0
DA:3,0
DA:37,0
DA:48,0
DA:49,0
DA:50,0
DA:51,0
DA:52,0
DA:53,0
DA:54,0
DA:55,0
DA:58,0
DA:59,0
DA:60,0
DA:61,0
DA:62,0
DA:63,0
DA:64,0
DA:66,0
DA:72,0
DA:73,0
DA:74,0
DA:75,0
DA:76,0
DA:77,0
DA:79,0
DA:84,0
DA:85,0
DA:89,0
DA:90,0
DA:91,0
DA:96,0
DA:98,0
DA:100,0
DA:101,0
DA:104,0
DA:105,0
DA:106,0
DA:107,0
DA:108,0
DA:109,0
DA:110,0
DA:112,0
DA:113,0
DA:114,0
DA:115,0
DA:118,0
DA:119,0
DA:123,0
DA:124,0
DA:125,0
DA:126,0
DA:127,0
DA:130,0
DA:131,0
DA:132,0
DA:137,0
DA:138,0
DA:142,0
DA:143,0
DA:150,0
DA:151,0
DA:152,0
DA:153,0
DA:156,0
DA:157,0
DA:160,0
DA:161,0
DA:163,0
DA:164,0
DA:166,0
DA:167,0
DA:169,0
DA:170,0
DA:172,0
DA:173,0
DA:175,0
DA:176,0
DA:177,0
DA:178,0
DA:180,0
DA:181,0
DA:185,0
DA:187,0
LF:85
LH:0
BRDA:40,0,0,0
BRDA:41,1,0,0
BRDA:42,2,0,0
BRDA:43,3,0,0
BRDA:44,4,0,0
BRDA:45,5,0,0
BRDA:46,6,0,0
BRDA:59,7,0,0
BRDA:59,8,0,0
BRDA:59,8,1,0
BRDA:59,8,2,0
BRDA:63,9,0,0
BRDA:73,10,0,0
BRDA:73,11,0,0
BRDA:73,11,1,0
BRDA:77,12,0,0
BRDA:84,13,0,0
BRDA:84,14,0,0
BRDA:84,14,1,0
BRDA:89,15,0,0
BRDA:98,16,0,0
BRDA:98,17,0,0
BRDA:98,17,1,0
BRDA:98,17,2,0
BRDA:104,18,0,0
BRDA:104,18,1,0
BRDA:105,19,0,0
BRDA:114,20,0,0
BRDA:114,20,1,0
BRDA:118,21,0,0
BRDA:118,22,0,0
BRDA:118,22,1,0
BRDA:127,23,0,0
BRDA:132,24,0,0
BRDA:137,25,0,0
BRDA:152,26,0,0
BRDA:153,27,0,0
BRDA:153,27,1,0
BRDA:156,28,0,0
BRDA:173,29,0,0
BRDA:173,30,0,0
BRDA:173,30,1,0
BRDA:180,31,0,0
BRDA:194,32,0,0
BRDA:199,33,0,0
BRDA:199,33,1,0
BRDA:210,34,0,0
BRDA:210,34,1,0
BRDA:216,35,0,0
BRDA:222,36,0,0
BRDA:222,36,1,0
BRF:51
BRH:0
end_of_record
TN:
SF:components\speech\VoiceOnboarding.tsx
FN:66,VoiceOnboarding
FN:86,(anonymous_6)
FN:95,(anonymous_7)
FN:105,(anonymous_8)
FN:124,(anonymous_9)
FN:146,(anonymous_10)
FN:149,(anonymous_11)
FN:159,(anonymous_12)
FN:164,(anonymous_13)
FN:168,(anonymous_14)
FN:199,(anonymous_15)
FN:238,(anonymous_16)
FN:252,(anonymous_17)
FN:263,(anonymous_18)
FN:271,(anonymous_19)
FN:278,(anonymous_20)
FN:317,(anonymous_21)
FN:339,(anonymous_22)
FN:340,(anonymous_23)
FN:374,(anonymous_24)
FN:423,(anonymous_25)
FN:490,(anonymous_26)
FN:507,(anonymous_27)
FN:523,(anonymous_28)
FN:530,(anonymous_29)
FN:604,(anonymous_30)
FN:619,(anonymous_31)
FN:635,(anonymous_32)
FN:642,(anonymous_33)
FN:646,(anonymous_34)
FN:657,(anonymous_35)
FN:662,(anonymous_36)
FNF:32
FNH:15
FNDA:96,VoiceOnboarding
FNDA:51,(anonymous_6)
FNDA:0,(anonymous_7)
FNDA:0,(anonymous_8)
FNDA:0,(anonymous_9)
FNDA:50,(anonymous_10)
FNDA:39,(anonymous_11)
FNDA:1,(anonymous_12)
FNDA:0,(anonymous_13)
FNDA:42,(anonymous_14)
FNDA:41,(anonymous_15)
FNDA:0,(anonymous_16)
FNDA:0,(anonymous_17)
FNDA:0,(anonymous_18)
FNDA:0,(anonymous_19)
FNDA:0,(anonymous_20)
FNDA:0,(anonymous_21)
FNDA:0,(anonymous_22)
FNDA:0,(anonymous_23)
FNDA:0,(anonymous_24)
FNDA:96,(anonymous_25)
FNDA:0,(anonymous_26)
FNDA:1,(anonymous_27)
FNDA:1,(anonymous_28)
FNDA:0,(anonymous_29)
FNDA:0,(anonymous_30)
FNDA:51,(anonymous_31)
FNDA:50,(anonymous_32)
FNDA:1,(anonymous_33)
FNDA:0,(anonymous_34)
FNDA:96,(anonymous_35)
FNDA:96,(anonymous_36)
DA:1,1
DA:2,1
DA:3,1
DA:4,1
DA:5,1
DA:6,1
DA:7,1
DA:8,1
DA:21,1
DA:37,1
DA:66,51
DA:67,96
DA:68,96
DA:69,96
DA:70,96
DA:71,96
DA:72,96
DA:73,96
DA:74,96
DA:75,96
DA:76,96
DA:77,96
DA:78,96
DA:79,96
DA:80,96
DA:81,96
DA:82,96
DA:83,96
DA:86,96
DA:87,51
DA:88,51
DA:89,51
DA:90,50
DA:91,50
DA:92,50
DA:93,50
DA:95,50
DA:96,0
DA:97,0
DA:98,0
DA:99,0
DA:100,0
DA:105,50
DA:106,0
DA:108,0
DA:109,0
DA:110,0
DA:111,0
DA:112,0
DA:114,0
DA:116,0
DA:124,50
DA:125,0
DA:126,0
DA:128,0
DA:137,0
DA:144,50
DA:146,50
DA:147,50
DA:148,50
DA:149,39
DA:153,1
DA:159,1
DA:164,0
DA:168,96
DA:169,42
DA:171,42
DA:172,42
DA:175,42
DA:180,42
DA:181,41
DA:183,41
DA:184,41
DA:185,41
DA:186,41
DA:190,41
DA:191,41
DA:192,41
DA:194,41
DA:195,41
DA:197,41
DA:199,41
DA:200,41
DA:202,0
DA:203,0
DA:206,0
DA:208,0
DA:211,0
DA:212,0
DA:214,0
DA:215,0
DA:219,41
DA:224,41
DA:225,40
DA:228,1
DA:229,1
DA:230,1
DA:238,96
DA:239,0
DA:240,0
DA:241,0
DA:242,0
DA:244,0
DA:245,0
DA:246,0
DA:248,0
DA:249,0
DA:252,96
DA:253,0
DA:254,0
DA:255,0
DA:256,0
DA:257,0
DA:258,0
DA:260,0
DA:263,96
DA:264,0
DA:265,0
DA:266,0
DA:267,0
DA:271,96
DA:272,0
DA:273,0
DA:278,96
DA:279,0
DA:281,0
DA:283,0
DA:284,0
DA:288,0
DA:289,0
DA:290,0
DA:291,0
DA:294,0
DA:295,0
DA:296,0
DA:305,0
DA:306,0
DA:312,0
DA:317,96
DA:318,0
DA:319,0
DA:321,0
DA:322,0
DA:326,0
DA:329,0
DA:330,0
DA:331,0
DA:335,0
DA:338,0
DA:339,0
DA:340,0
DA:341,0
DA:342,0
DA:352,0
DA:358,0
DA:359,0
DA:369,0
DA:370,0
DA:374,0
DA:375,0
DA:376,0
DA:378,0
DA:382,0
DA:383,0
DA:389,0
DA:391,0
DA:395,0
DA:396,0
DA:397,0
DA:398,0
DA:405,0
DA:412,0
DA:413,0
DA:419,0
DA:423,96
DA:424,96
DA:425,96
DA:427,96
DA:428,96
DA:429,0
DA:434,96
DA:490,0
DA:508,1
DA:509,1
DA:510,1
DA:512,1
DA:514,1
DA:523,1
DA:531,0
DA:532,0
DA:533,0
DA:534,0
DA:605,0
DA:606,0
DA:607,0
DA:619,96
DA:620,51
DA:621,51
DA:622,51
DA:623,51
DA:624,0
DA:628,51
DA:631,50
DA:632,50
DA:633,50
DA:635,50
DA:636,50
DA:642,1
DA:646,96
DA:647,0
DA:648,0
DA:649,0
DA:650,0
DA:651,0
DA:652,0
DA:657,96
DA:658,96
DA:659,96
DA:660,0
DA:662,96
DA:663,96
DA:664,0
LF:222
LH:107
BRDA:21,0,0,1
BRDA:21,0,1,1
BRDA:66,1,0,96
BRDA:87,2,0,51
BRDA:88,3,0,51
BRDA:88,3,1,1
BRDA:89,4,0,50
BRDA:89,4,1,1
BRDA:96,5,0,0
BRDA:96,6,0,0
BRDA:96,6,1,0
BRDA:98,7,0,0
BRDA:98,8,0,0
BRDA:98,8,1,0
BRDA:108,9,0,0
BRDA:108,9,1,0
BRDA:109,10,0,0
BRDA:109,10,1,0
BRDA:111,11,0,0
BRDA:114,12,0,0
BRDA:139,13,0,0
BRDA:139,13,1,0
BRDA:148,14,0,39
BRDA:169,15,0,0
BRDA:175,16,0,42
BRDA:175,17,0,42
BRDA:175,17,1,42
BRDA:175,17,2,42
BRDA:175,17,3,42
BRDA:183,18,0,41
BRDA:184,19,0,41
BRDA:184,19,1,0
BRDA:185,20,0,41
BRDA:190,21,0,41
BRDA:190,22,0,41
BRDA:190,22,1,41
BRDA:200,23,0,41
BRDA:200,24,0,41
BRDA:200,24,1,41
BRDA:208,25,0,0
BRDA:208,25,1,0
BRDA:214,26,0,0
BRDA:224,27,0,40
BRDA:240,28,0,0
BRDA:244,29,0,0
BRDA:254,30,0,0
BRDA:256,31,0,0
BRDA:257,32,0,0
BRDA:266,33,0,0
BRDA:272,34,0,0
BRDA:279,35,0,0
BRDA:294,36,0,0
BRDA:294,37,0,0
BRDA:294,37,1,0
BRDA:300,38,0,0
BRDA:300,38,1,0
BRDA:322,39,0,0
BRDA:322,39,1,0
BRDA:322,40,0,0
BRDA:322,40,1,0
BRDA:322,40,2,0
BRDA:329,41,0,0
BRDA:329,42,0,0
BRDA:329,42,1,0
BRDA:338,43,0,0
BRDA:338,44,0,0
BRDA:338,44,1,0
BRDA:341,45,0,0
BRDA:365,46,0,0
BRDA:365,46,1,0
BRDA:369,47,0,0
BRDA:375,48,0,0
BRDA:375,48,1,0
BRDA:391,49,0,0
BRDA:391,49,1,0
BRDA:391,50,0,0
BRDA:391,50,1,0
BRDA:391,50,2,0
BRDA:425,51,0,0
BRDA:428,52,0,0
BRDA:448,53,0,0
BRDA:448,53,1,96
BRDA:453,54,0,96
BRDA:459,55,0,96
BRDA:466,56,0,0
BRDA:466,56,1,0
BRDA:468,57,0,0
BRDA:474,58,0,96
BRDA:485,59,0,96
BRDA:488,60,0,0
BRDA:498,61,0,0
BRDA:498,61,1,0
BRDA:508,62,0,1
BRDA:509,63,0,1
BRDA:524,64,0,0
BRDA:524,64,1,96
BRDA:526,65,0,0
BRDA:526,65,1,96
BRDA:528,66,0,96
BRDA:531,67,0,0
BRDA:531,67,1,0
BRDA:533,68,0,0
BRDA:545,69,0,96
BRDA:551,70,0,96
BRDA:565,71,0,96
BRDA:575,72,0,96
BRDA:582,73,0,96
BRDA:582,73,1,0
BRDA:601,74,0,96
BRDA:621,75,0,51
BRDA:621,76,0,51
BRDA:621,76,1,51
BRDA:623,77,0,0
BRDA:623,78,0,51
BRDA:623,78,1,0
BRDA:628,79,0,50
BRDA:628,80,0,51
BRDA:628,80,1,51
BRDA:628,80,2,50
BRDA:647,81,0,0
BRDA:647,82,0,0
BRDA:647,82,1,0
BRDA:649,83,0,0
BRDA:649,83,1,0
BRDA:649,84,0,0
BRDA:649,84,1,0
BRDA:651,85,0,0
BRDA:659,86,0,0
BRDA:663,87,0,0
BRF:129
BRH:48
end_of_record
TN:
SF:components\speech\VoiceVisualization.tsx
FN:44,VoiceVisualization
FN:61,(anonymous_5)
FN:70,(anonymous_6)
FN:91,(anonymous_7)
FN:108,(anonymous_8)
FN:132,(anonymous_9)
FN:181,(anonymous_10)
FN:208,(anonymous_11)
FN:250,(anonymous_12)
FN:267,(anonymous_13)
FN:274,(anonymous_14)
FNF:11
FNH:10
FNDA:59,VoiceVisualization
FNDA:59,(anonymous_5)
FNDA:32,(anonymous_6)
FNDA:0,(anonymous_7)
FNDA:17,(anonymous_8)
FNDA:15,(anonymous_9)
FNDA:1,(anonymous_10)
FNDA:1,(anonymous_11)
FNDA:59,(anonymous_12)
FNDA:17,(anonymous_13)
FNDA:16,(anonymous_14)
DA:1,3
DA:2,3
DA:44,59
DA:56,59
DA:57,59
DA:58,59
DA:61,59
DA:70,59
DA:71,32
DA:73,32
DA:76,32
DA:77,0
DA:78,0
DA:79,0
DA:84,32
DA:85,1
DA:89,31
DA:90,31
DA:91,0
DA:94,31
DA:95,31
DA:96,31
DA:98,31
DA:100,0
DA:101,0
DA:108,59
DA:110,17
DA:111,17
DA:113,17
DA:114,17
DA:115,17
DA:117,17
DA:119,1
DA:120,1
DA:122,1
DA:123,0
DA:125,15
DA:132,59
DA:137,15
DA:138,15
DA:139,15
DA:140,15
DA:142,15
DA:143,15
DA:145,15
DA:146,15
DA:148,15
DA:151,290
DA:152,20
DA:153,20
DA:154,20
DA:156,270
DA:157,270
DA:158,270
DA:161,290
DA:163,290
DA:164,290
DA:166,290
DA:167,290
DA:169,290
DA:170,290
DA:171,290
DA:173,290
DA:174,290
DA:181,59
DA:186,1
DA:187,1
DA:189,1
DA:190,1
DA:192,1
DA:193,200
DA:197,200
DA:200,1
DA:201,1
DA:202,1
DA:208,59
DA:213,1
DA:214,1
DA:215,1
DA:218,1
DA:219,1
DA:220,1
DA:221,1
DA:222,1
DA:225,1
DA:226,1
DA:227,1
DA:228,63
DA:230,63
DA:231,63
DA:233,63
DA:234,62
DA:236,1
DA:238,0
DA:242,0
DA:243,0
DA:245,0
DA:246,0
DA:250,59
DA:251,59
DA:252,59
DA:254,59
DA:255,59
DA:258,17
DA:259,17
DA:260,17
DA:261,17
DA:264,17
DA:265,17
DA:267,17
DA:268,17
DA:269,16
DA:272,17
DA:274,16
DA:275,16
DA:276,16
LF:116
LH:104
BRDA:46,0,0,15
BRDA:47,1,0,58
BRDA:48,2,0,57
BRDA:50,3,0,58
BRDA:51,4,0,56
BRDA:52,5,0,58
BRDA:53,6,0,58
BRDA:54,7,0,59
BRDA:62,8,0,59
BRDA:62,8,1,57
BRDA:63,9,0,59
BRDA:63,9,1,58
BRDA:64,10,0,59
BRDA:64,10,1,58
BRDA:70,11,0,0
BRDA:76,12,0,0
BRDA:78,13,0,0
BRDA:78,14,0,0
BRDA:78,14,1,0
BRDA:84,15,0,1
BRDA:90,16,0,0
BRDA:90,16,1,31
BRDA:117,17,0,1
BRDA:117,17,1,1
BRDA:117,17,2,15
BRDA:140,18,0,15
BRDA:140,18,1,14
BRDA:151,19,0,20
BRDA:151,19,1,270
BRDA:195,20,0,0
BRDA:195,20,1,200
BRDA:229,21,0,0
BRDA:229,21,1,63
BRDA:233,22,0,1
BRDA:233,22,1,62
BRDA:252,23,0,0
BRDA:255,24,0,42
BRDA:258,25,0,17
BRDA:258,25,1,0
BRDA:275,26,0,16
BRDA:286,27,0,43
BRDA:286,27,1,16
BRDA:295,28,0,59
BRF:43
BRH:33
end_of_record
TN:
SF:components\speech\index.ts
FNF:0
FNH:0
DA:11,0
DA:12,0
DA:13,0
DA:14,0
DA:15,0
LF:5
LH:0
BRF:0
BRH:0
end_of_record
TN:
SF:components\speech\speech-to-text.tsx
FN:36,(anonymous_3)
FN:37,(anonymous_4)
FN:53,(anonymous_5)
FN:71,(anonymous_6)
FN:79,SpeechToTextComponent
FN:91,(anonymous_8)
FN:106,(anonymous_9)
FN:122,(anonymous_10)
FN:130,(anonymous_11)
FN:136,(anonymous_12)
FN:149,(anonymous_13)
FN:157,(anonymous_14)
FN:167,(anonymous_15)
FN:176,(anonymous_16)
FN:184,(anonymous_17)
FNF:15
FNH:0
FNDA:0,(anonymous_3)
FNDA:0,(anonymous_4)
FNDA:0,(anonymous_5)
FNDA:0,(anonymous_6)
FNDA:0,SpeechToTextComponent
FNDA:0,(anonymous_8)
FNDA:0,(anonymous_9)
FNDA:0,(anonymous_10)
FNDA:0,(anonymous_11)
FNDA:0,(anonymous_12)
FNDA:0,(anonymous_13)
FNDA:0,(anonymous_14)
FNDA:0,(anonymous_15)
FNDA:0,(anonymous_16)
FNDA:0,(anonymous_17)
DA:3,0
DA:4,0
DA:36,0
DA:37,0
DA:38,0
DA:41,0
DA:43,0
DA:44,0
DA:45,0
DA:48,0
DA:49,0
DA:50,0
DA:51,0
DA:53,0
DA:54,0
DA:57,0
DA:58,0
DA:59,0
DA:60,0
DA:61,0
DA:66,0
DA:69,0
DA:71,0
DA:72,0
DA:79,0
DA:85,0
DA:86,0
DA:87,0
DA:88,0
DA:89,0
DA:91,0
DA:93,0
DA:94,0
DA:95,0
DA:99,0
DA:100,0
DA:102,0
DA:103,0
DA:104,0
DA:106,0
DA:107,0
DA:108,0
DA:110,0
DA:111,0
DA:112,0
DA:113,0
DA:115,0
DA:119,0
DA:121,0
DA:122,0
DA:123,0
DA:124,0
DA:125,0
DA:130,0
DA:131,0
DA:132,0
DA:133,0
DA:136,0
DA:138,0
DA:139,0
DA:144,0
DA:145,0
DA:149,0
DA:150,0
DA:151,0
DA:157,0
DA:158,0
DA:159,0
DA:160,0
DA:161,0
DA:163,0
DA:167,0
DA:168,0
DA:169,0
DA:170,0
DA:172,0
DA:176,0
DA:177,0
DA:178,0
DA:180,0
DA:184,0
DA:185,0
DA:186,0
DA:187,0
LF:84
LH:0
BRDA:38,0,0,0
BRDA:41,1,0,0
BRDA:41,1,1,0
BRDA:43,2,0,0
BRDA:58,3,0,0
BRDA:60,4,0,0
BRDA:60,5,0,0
BRDA:60,5,1,0
BRDA:81,6,0,0
BRDA:82,7,0,0
BRDA:83,8,0,0
BRDA:93,9,0,0
BRDA:93,10,0,0
BRDA:93,10,1,0
BRDA:99,11,0,0
BRDA:99,11,1,0
BRDA:112,12,0,0
BRDA:112,12,1,0
BRDA:121,13,0,0
BRDA:123,14,0,0
BRDA:123,14,1,0
BRDA:124,15,0,0
BRDA:138,16,0,0
BRDA:144,17,0,0
BRDA:150,18,0,0
BRDA:177,19,0,0
BRDA:177,19,1,0
BRDA:187,20,0,0
BRDA:203,21,0,0
BRDA:209,22,0,0
BRDA:215,23,0,0
BRDA:223,24,0,0
BRDA:223,24,1,0
BRDA:227,25,0,0
BRDA:239,26,0,0
BRDA:248,27,0,0
BRDA:248,27,1,0
BRF:37
BRH:0
end_of_record
TN:
SF:components\speech\text-to-speech.tsx
FN:9,(anonymous_1)
FN:10,(anonymous_2)
FN:21,(anonymous_3)
FN:25,(anonymous_4)
FNF:4
FNH:0
FNDA:0,(anonymous_1)
FNDA:0,(anonymous_2)
FNDA:0,(anonymous_3)
FNDA:0,(anonymous_4)
DA:9,0
DA:10,0
DA:11,0
DA:14,0
DA:16,0
DA:18,0
DA:19,0
DA:21,0
DA:22,0
DA:25,0
DA:26,0
DA:29,0
DA:31,0
DA:35,0
LF:14
LH:0
BRDA:11,0,0,0
BRDA:14,1,0,0
BRDA:14,1,1,0
BRDA:22,2,0,0
BRDA:26,3,0,0
BRF:5
BRH:0
end_of_record
TN:
SF:components\ui\ErrorBoundary.js
FNF:0
FNH:0
DA:7,0
DA:8,0
DA:9,0
DA:10,0
LF:4
LH:0
BRF:0
BRH:0
end_of_record
TN:
SF:components\ui\ErrorBoundary.tsx
FN:18,(anonymous_6)
FN:23,(anonymous_7)
FN:28,(anonymous_8)
FN:33,(anonymous_9)
FN:42,(anonymous_10)
FNF:5
FNH:0
FNDA:0,(anonymous_6)
FNDA:0,(anonymous_7)
FNDA:0,(anonymous_8)
FNDA:0,(anonymous_9)
FNDA:0,(anonymous_10)
DA:1,0
DA:17,0
DA:19,0
DA:20,0
DA:25,0
DA:30,0
DA:34,0
DA:42,0
DA:51,0
DA:55,0
LF:10
LH:0
BRDA:34,0,0,0
BRF:1
BRH:0
end_of_record
TN:
SF:components\ui\GlobalErrorBoundary.tsx
FN:35,(anonymous_8)
FN:40,(anonymous_9)
FN:45,(anonymous_10)
FN:55,(anonymous_11)
FN:65,(anonymous_12)
FN:90,withErrorBoundary
FN:97,(anonymous_14)
FNF:7
FNH:0
FNDA:0,(anonymous_8)
FNDA:0,(anonymous_9)
FNDA:0,(anonymous_10)
FNDA:0,(anonymous_11)
FNDA:0,(anonymous_12)
FNDA:0,withErrorBoundary
FNDA:0,(anonymous_14)
DA:1,0
DA:34,0
DA:36,0
DA:37,0
DA:42,0
DA:47,0
DA:50,0
DA:51,0
DA:56,0
DA:65,0
DA:72,0
DA:77,0
DA:90,0
DA:95,0
DA:97,0
DA:105,0
DA:107,0
DA:110,0
LF:18
LH:0
BRDA:50,0,0,0
BRDA:56,1,0,0
BRDA:58,2,0,0
BRDA:63,3,0,0
BRDA:63,3,1,0
BRDA:95,4,0,0
BRDA:95,4,1,0
BRDA:95,4,2,0
BRF:8
BRH:0
end_of_record
TN:
SF:components\ui\ThemeToggle.tsx
FN:17,ThemeToggle
FN:25,(anonymous_3)
FNF:2
FNH:0
FNDA:0,ThemeToggle
FNDA:0,(anonymous_3)
DA:1,0
DA:2,0
DA:3,0
DA:17,0
DA:20,0
DA:25,0
LF:6
LH:0
BRDA:18,0,0,0
BRDA:25,1,0,0
BRDA:25,1,1,0
BRDA:30,2,0,0
BRF:4
BRH:0
end_of_record
TN:
SF:components\ui\Toast.tsx
FN:20,useToast
FN:28,ToastProvider
FN:31,(anonymous_8)
FN:33,(anonymous_9)
FN:35,(anonymous_10)
FN:36,(anonymous_11)
FN:36,(anonymous_12)
FN:43,(anonymous_13)
FN:45,(anonymous_14)
FN:48,(anonymous_15)
FN:69,(anonymous_16)
FNF:11
FNH:11
FNDA:26,useToast
FNDA:18,ToastProvider
FNDA:9,(anonymous_8)
FNDA:9,(anonymous_9)
FNDA:2,(anonymous_10)
FNDA:2,(anonymous_11)
FNDA:3,(anonymous_12)
FNDA:7,(anonymous_13)
FNDA:7,(anonymous_14)
FNDA:12,(anonymous_15)
FNDA:12,(anonymous_16)
DA:1,1
DA:2,1
DA:18,1
DA:20,26
DA:21,26
DA:22,26
DA:23,4
DA:25,22
DA:28,8
DA:29,18
DA:31,18
DA:32,9
DA:33,9
DA:35,9
DA:36,3
DA:41,18
DA:43,18
DA:44,7
DA:45,7
DA:48,18
DA:49,12
DA:51,4
DA:53,1
DA:55,1
DA:57,6
DA:59,0
DA:70,12
LF:27
LH:26
BRDA:22,0,0,4
BRDA:31,1,0,0
BRDA:31,2,0,0
BRDA:49,3,0,4
BRDA:49,3,1,1
BRDA:49,3,2,1
BRDA:49,3,3,6
BRDA:49,3,4,0
BRDA:66,4,0,11
BRDA:66,4,1,7
BRDA:66,5,0,18
BRDA:66,5,1,11
BRDA:75,6,0,12
BRDA:75,6,1,10
BRDA:78,7,0,12
BRDA:78,7,1,10
BRDA:81,8,0,12
BRDA:81,8,1,10
BRDA:84,9,0,12
BRDA:84,9,1,10
BRDA:87,10,0,12
BRDA:89,11,0,1
BRDA:89,11,1,1
BRDA:94,12,0,12
BRF:24
BRH:21
end_of_record
TN:
SF:components\ui\index.ts
FNF:0
FNH:0
DA:11,0
DA:12,0
DA:13,0
DA:14,0
LF:4
LH:0
BRF:0
BRH:0
end_of_record
TN:
SF:components\ui\theme-provider.tsx
FN:7,ThemeProvider
FNF:1
FNH:0
FNDA:0,ThemeProvider
DA:3,0
DA:4,0
DA:7,0
LF:3
LH:0
BRF:0
BRH:0
end_of_record
TN:
SF:components\ui\AchievementNotification\AchievementNotification.tsx
FN:54,(anonymous_7)
FN:83,(anonymous_8)
FN:85,(anonymous_9)
FN:90,(anonymous_10)
FN:100,(anonymous_11)
FN:112,(anonymous_12)
FN:115,(anonymous_13)
FN:116,(anonymous_14)
FN:122,(anonymous_15)
FN:126,(anonymous_16)
FN:127,(anonymous_17)
FN:136,(anonymous_18)
FN:138,(anonymous_19)
FN:142,(anonymous_20)
FN:157,(anonymous_21)
FN:167,(anonymous_22)
FN:168,(anonymous_23)
FN:168,(anonymous_24)
FN:184,(anonymous_25)
FN:201,(anonymous_26)
FNF:20
FNH:0
FNDA:0,(anonymous_7)
FNDA:0,(anonymous_8)
FNDA:0,(anonymous_9)
FNDA:0,(anonymous_10)
FNDA:0,(anonymous_11)
FNDA:0,(anonymous_12)
FNDA:0,(anonymous_13)
FNDA:0,(anonymous_14)
FNDA:0,(anonymous_15)
FNDA:0,(anonymous_16)
FNDA:0,(anonymous_17)
FNDA:0,(anonymous_18)
FNDA:0,(anonymous_19)
FNDA:0,(anonymous_20)
FNDA:0,(anonymous_21)
FNDA:0,(anonymous_22)
FNDA:0,(anonymous_23)
FNDA:0,(anonymous_24)
FNDA:0,(anonymous_25)
FNDA:0,(anonymous_26)
DA:1,0
DA:2,0
DA:4,0
DA:54,0
DA:64,0
DA:65,0
DA:66,0
DA:69,0
DA:72,0
DA:73,0
DA:83,0
DA:84,0
DA:85,0
DA:90,0
DA:93,0
DA:94,0
DA:96,0
DA:97,0
DA:98,0
DA:99,0
DA:100,0
DA:101,0
DA:105,0
DA:112,0
DA:113,0
DA:115,0
DA:116,0
DA:117,0
DA:118,0
DA:122,0
DA:126,0
DA:127,0
DA:128,0
DA:129,0
DA:130,0
DA:136,0
DA:137,0
DA:138,0
DA:142,0
DA:143,0
DA:145,0
DA:147,0
DA:149,0
DA:152,0
DA:157,0
DA:158,0
DA:159,0
DA:163,0
DA:167,0
DA:168,0
DA:171,0
DA:172,0
DA:173,0
DA:178,0
DA:179,0
DA:182,0
DA:185,0
DA:201,0
DA:214,0
LF:59
LH:0
BRDA:55,0,0,0
BRDA:60,1,0,0
BRDA:61,2,0,0
BRDA:62,3,0,0
BRDA:72,4,0,0
BRDA:72,5,0,0
BRDA:72,5,1,0
BRDA:77,6,0,0
BRDA:77,6,1,0
BRDA:84,7,0,0
BRDA:93,8,0,0
BRDA:93,9,0,0
BRDA:93,9,1,0
BRDA:93,9,2,0
BRDA:93,9,3,0
BRDA:97,10,0,0
BRDA:113,11,0,0
BRDA:128,12,0,0
BRDA:143,13,0,0
BRDA:143,13,1,0
BRDA:143,13,2,0
BRDA:143,13,3,0
BRDA:143,13,4,0
BRDA:158,14,0,0
BRDA:171,15,0,0
BRDA:172,16,0,0
BRDA:178,17,0,0
BRDA:178,18,0,0
BRDA:178,18,1,0
BRDA:191,19,0,0
BRDA:190,20,0,0
BRDA:190,20,1,0
BRDA:201,21,0,0
BRDA:201,21,1,0
BRF:34
BRH:0
end_of_record
TN:
SF:components\ui\AchievementNotification\example-usage.tsx
FN:7,(anonymous_5)
FN:37,(anonymous_6)
FN:49,(anonymous_7)
FN:50,(anonymous_8)
FN:51,(anonymous_9)
FNF:5
FNH:0
FNDA:0,(anonymous_5)
FNDA:0,(anonymous_6)
FNDA:0,(anonymous_7)
FNDA:0,(anonymous_8)
FNDA:0,(anonymous_9)
DA:1,0
DA:2,0
DA:7,0
DA:8,0
DA:11,0
DA:37,0
DA:38,0
DA:39,0
DA:40,0
DA:41,0
DA:49,0
DA:50,0
DA:51,0
DA:55,0
DA:95,0
LF:15
LH:0
BRDA:40,0,0,0
BRF:1
BRH:0
end_of_record
TN:
SF:components\ui\AchievementNotification\index.ts
FNF:0
FNH:0
DA:7,0
DA:8,0
LF:2
LH:0
BRF:0
BRH:0
end_of_record
TN:
SF:hooks\useAchievementNotifications.tsx
FN:32,(anonymous_7)
FN:45,(anonymous_8)
FN:60,(anonymous_9)
FN:75,(anonymous_10)
FN:82,(anonymous_11)
FN:94,(anonymous_12)
FN:97,(anonymous_13)
FN:114,(anonymous_14)
FN:120,(anonymous_15)
FNF:9
FNH:0
FNDA:0,(anonymous_7)
FNDA:0,(anonymous_8)
FNDA:0,(anonymous_9)
FNDA:0,(anonymous_10)
FNDA:0,(anonymous_11)
FNDA:0,(anonymous_12)
FNDA:0,(anonymous_13)
FNDA:0,(anonymous_14)
FNDA:0,(anonymous_15)
DA:1,0
DA:2,0
DA:4,0
DA:32,0
DA:37,0
DA:39,0
DA:40,0
DA:45,0
DA:46,0
DA:49,0
DA:52,0
DA:53,0
DA:60,0
DA:61,0
DA:64,0
DA:67,0
DA:68,0
DA:75,0
DA:79,0
DA:83,0
DA:88,0
DA:94,0
DA:95,0
DA:97,0
DA:99,0
DA:102,0
DA:103,0
DA:104,0
DA:105,0
DA:107,0
DA:110,0
DA:114,0
DA:120,0
DA:121,0
DA:133,0
DA:142,0
LF:36
LH:0
BRDA:32,0,0,0
BRDA:34,1,0,0
BRDA:35,2,0,0
BRDA:36,3,0,0
BRDA:46,4,0,0
BRDA:52,5,0,0
BRDA:61,6,0,0
BRDA:61,7,0,0
BRDA:61,7,1,0
BRDA:67,8,0,0
BRDA:88,9,0,0
BRDA:88,9,1,0
BRDA:95,10,0,0
BRDA:95,11,0,0
BRDA:95,11,1,0
BRDA:102,12,0,0
BRDA:102,12,1,0
BRDA:104,13,0,0
BRDA:104,13,1,0
BRDA:121,14,0,0
BRF:20
BRH:0
end_of_record
TN:
SF:hooks\useUserJourney.ts
FN:19,(anonymous_4)
FN:26,(anonymous_5)
FN:35,(anonymous_6)
FN:36,(anonymous_7)
FN:77,(anonymous_8)
FN:78,(anonymous_9)
FN:82,(anonymous_10)
FN:99,(anonymous_11)
FN:120,(anonymous_12)
FN:131,(anonymous_13)
FN:152,(anonymous_14)
FN:158,(anonymous_15)
FN:165,(anonymous_16)
FN:178,(anonymous_17)
FNF:14
FNH:0
FNDA:0,(anonymous_4)
FNDA:0,(anonymous_5)
FNDA:0,(anonymous_6)
FNDA:0,(anonymous_7)
FNDA:0,(anonymous_8)
FNDA:0,(anonymous_9)
FNDA:0,(anonymous_10)
FNDA:0,(anonymous_11)
FNDA:0,(anonymous_12)
FNDA:0,(anonymous_13)
FNDA:0,(anonymous_14)
FNDA:0,(anonymous_15)
FNDA:0,(anonymous_16)
FNDA:0,(anonymous_17)
DA:1,0
DA:2,0
DA:3,0
DA:4,0
DA:5,0
DA:8,0
DA:19,0
DA:26,0
DA:27,0
DA:28,0
DA:29,0
DA:30,0
DA:31,0
DA:32,0
DA:35,0
DA:36,0
DA:38,0
DA:40,0
DA:41,0
DA:43,0
DA:44,0
DA:47,0
DA:48,0
DA:49,0
DA:50,0
DA:52,0
DA:56,0
DA:58,0
DA:59,0
DA:64,0
DA:67,0
DA:70,0
DA:73,0
DA:77,0
DA:78,0
DA:82,0
DA:83,0
DA:85,0
DA:87,0
DA:90,0
DA:92,0
DA:95,0
DA:96,0
DA:99,0
DA:100,0
DA:103,0
DA:106,0
DA:108,0
DA:109,0
DA:115,0
DA:120,0
DA:121,0
DA:123,0
DA:124,0
DA:125,0
DA:127,0
DA:131,0
DA:132,0
DA:135,0
DA:138,0
DA:140,0
DA:141,0
DA:147,0
DA:152,0
DA:153,0
DA:154,0
DA:155,0
DA:157,0
DA:158,0
DA:160,0
DA:165,0
DA:166,0
DA:167,0
DA:168,0
DA:170,0
DA:172,0
DA:173,0
DA:178,0
DA:179,0
DA:182,0
LF:80
LH:0
BRDA:8,0,0,0
BRDA:8,0,1,0
BRDA:19,1,0,0
BRDA:19,1,1,0
BRDA:40,2,0,0
BRDA:40,2,1,0
BRDA:47,3,0,0
BRDA:47,3,1,0
BRDA:47,4,0,0
BRDA:47,4,1,0
BRDA:49,5,0,0
BRDA:49,5,1,0
BRDA:90,6,0,0
BRDA:90,6,1,0
BRDA:125,7,0,0
BRDA:155,8,0,0
BRDA:168,9,0,0
BRF:17
BRH:0
end_of_record
TN:
SF:pages\404.js
FN:4,Custom404
FNF:1
FNH:0
FNDA:0,Custom404
DA:1,0
DA:2,0
DA:4,0
LF:3
LH:0
BRF:0
BRH:0
end_of_record
TN:
SF:pages\500.js
FN:3,Custom500
FN:21,(anonymous_3)
FN:35,(anonymous_4)
FNF:3
FNH:0
FNDA:0,Custom500
FNDA:0,(anonymous_3)
FNDA:0,(anonymous_4)
DA:1,0
DA:3,0
DA:21,0
DA:35,0
LF:4
LH:0
BRF:0
BRH:0
end_of_record
TN:
SF:pages\_app.tsx
FN:20,App
FNF:1
FNH:0
FNDA:0,App
DA:1,0
DA:2,0
DA:3,0
DA:4,0
DA:7,0
DA:10,0
DA:20,0
LF:7
LH:0
BRF:0
BRH:0
end_of_record
TN:
SF:pages\_error.js
FN:3,Error
FN:22,(anonymous_3)
FN:39,(anonymous_4)
FNF:3
FNH:0
FNDA:0,Error
FNDA:0,(anonymous_3)
FNDA:0,(anonymous_4)
DA:1,0
DA:22,0
DA:39,0
DA:40,0
DA:41,0
DA:44,0
LF:6
LH:0
BRDA:16,0,0,0
BRDA:16,0,1,0
BRDA:40,1,0,0
BRDA:40,1,1,0
BRDA:40,2,0,0
BRDA:40,2,1,0
BRF:6
BRH:0
end_of_record
TN:
SF:pages\about.tsx
FN:7,AboutPage
FN:10,(anonymous_6)
FN:67,(anonymous_7)
FN:92,(anonymous_8)
FN:117,(anonymous_9)
FNF:5
FNH:0
FNDA:0,AboutPage
FNDA:0,(anonymous_6)
FNDA:0,(anonymous_7)
FNDA:0,(anonymous_8)
FNDA:0,(anonymous_9)
DA:1,0
DA:2,0
DA:3,0
DA:4,0
DA:5,0
DA:7,0
DA:8,0
DA:10,0
DA:11,0
DA:67,0
DA:92,0
DA:117,0
LF:12
LH:0
BRDA:11,0,0,0
BRDA:11,0,1,0
BRF:2
BRH:0
end_of_record
TN:
SF:pages\client-test.js
FN:3,ClientTest
FN:7,(anonymous_2)
FN:9,(anonymous_3)
FN:17,(anonymous_4)
FN:60,(anonymous_5)
FN:60,(anonymous_6)
FN:74,(anonymous_7)
FN:74,(anonymous_8)
FN:88,(anonymous_9)
FNF:9
FNH:0
FNDA:0,ClientTest
FNDA:0,(anonymous_2)
FNDA:0,(anonymous_3)
FNDA:0,(anonymous_4)
FNDA:0,(anonymous_5)
FNDA:0,(anonymous_6)
FNDA:0,(anonymous_7)
FNDA:0,(anonymous_8)
FNDA:0,(anonymous_9)
DA:1,0
DA:3,0
DA:4,0
DA:5,0
DA:7,0
DA:9,0
DA:10,0
DA:14,0
DA:17,0
DA:18,0
DA:19,0
DA:60,0
DA:74,0
DA:88,0
LF:14
LH:0
BRF:0
BRH:0
end_of_record
TN:
SF:pages\dashboard.tsx
FN:11,(anonymous_5)
FN:15,DashboardPage
FN:21,(anonymous_7)
FN:30,(anonymous_8)
FN:137,(anonymous_9)
FNF:5
FNH:0
FNDA:0,(anonymous_5)
FNDA:0,DashboardPage
FNDA:0,(anonymous_7)
FNDA:0,(anonymous_8)
FNDA:0,(anonymous_9)
DA:1,0
DA:2,0
DA:3,0
DA:4,0
DA:5,0
DA:7,0
DA:11,0
DA:12,0
DA:15,0
DA:16,0
DA:17,0
DA:18,0
DA:21,0
DA:22,0
DA:23,0
DA:24,0
DA:25,0
DA:30,0
DA:31,0
DA:32,0
DA:35,0
DA:47,0
DA:48,0
DA:49,0
DA:50,0
DA:51,0
DA:138,0
LF:27
LH:0
BRDA:12,0,0,0
BRDA:12,0,1,0
BRDA:12,0,2,0
BRDA:22,1,0,0
BRDA:22,1,1,0
BRDA:24,2,0,0
BRDA:35,3,0,0
BRDA:47,4,0,0
BRDA:47,4,1,0
BRDA:48,5,0,0
BRDA:48,5,1,0
BRDA:49,6,0,0
BRDA:49,6,1,0
BRDA:50,7,0,0
BRDA:50,7,1,0
BRDA:78,8,0,0
BRDA:78,8,1,0
BRDA:136,9,0,0
BRDA:139,10,0,0
BRDA:139,10,1,0
BRDA:140,11,0,0
BRDA:140,11,1,0
BRF:22
BRH:0
end_of_record
TN:
SF:pages\index.tsx
FN:12,Home
FN:50,(anonymous_6)
FN:108,(anonymous_7)
FN:122,(anonymous_8)
FNF:4
FNH:0
FNDA:0,Home
FNDA:0,(anonymous_6)
FNDA:0,(anonymous_7)
FNDA:0,(anonymous_8)
DA:1,0
DA:3,0
DA:4,0
DA:5,0
DA:6,0
DA:7,0
DA:8,0
DA:9,0
DA:10,0
DA:12,0
DA:13,0
DA:14,0
DA:15,0
DA:50,0
DA:109,0
DA:110,0
DA:122,0
LF:17
LH:0
BRDA:35,0,0,0
BRDA:39,1,0,0
BRDA:39,1,1,0
BRDA:73,2,0,0
BRDA:73,2,1,0
BRDA:92,3,0,0
BRDA:107,4,0,0
BRF:7
BRH:0
end_of_record
TN:
SF:pages\login.tsx
FN:11,LoginPage
FN:26,(anonymous_6)
FN:52,(anonymous_7)
FN:95,(anonymous_8)
FN:101,(anonymous_9)
FN:129,(anonymous_10)
FN:143,(anonymous_11)
FN:168,(anonymous_12)
FN:169,(anonymous_13)
FNF:9
FNH:0
FNDA:0,LoginPage
FNDA:0,(anonymous_6)
FNDA:0,(anonymous_7)
FNDA:0,(anonymous_8)
FNDA:0,(anonymous_9)
FNDA:0,(anonymous_10)
FNDA:0,(anonymous_11)
FNDA:0,(anonymous_12)
FNDA:0,(anonymous_13)
DA:1,0
DA:2,0
DA:3,0
DA:4,0
DA:5,0
DA:6,0
DA:11,0
DA:12,0
DA:13,0
DA:14,0
DA:15,0
DA:16,0
DA:17,0
DA:21,0
DA:26,0
DA:27,0
DA:28,0
DA:29,0
DA:31,0
DA:32,0
DA:38,0
DA:39,0
DA:40,0
DA:41,0
DA:44,0
DA:45,0
DA:47,0
DA:52,0
DA:53,0
DA:54,0
DA:56,0
DA:58,0
DA:65,0
DA:66,0
DA:67,0
DA:68,0
DA:71,0
DA:72,0
DA:74,0
DA:95,0
DA:101,0
DA:129,0
DA:143,0
DA:168,0
DA:169,0
LF:45
LH:0
BRDA:21,0,0,0
BRDA:21,0,1,0
BRDA:38,1,0,0
BRDA:38,1,1,0
BRDA:40,2,0,0
BRDA:65,3,0,0
BRDA:65,3,1,0
BRDA:67,4,0,0
BRDA:94,5,0,0
BRDA:94,5,1,0
BRDA:100,6,0,0
BRDA:100,6,1,0
BRDA:108,7,0,0
BRDA:119,8,0,0
BRDA:156,9,0,0
BRDA:156,9,1,0
BRDA:159,10,0,0
BRDA:159,10,1,0
BRF:18
BRH:0
end_of_record
TN:
SF:pages\phone-login.tsx
FN:7,(anonymous_5)
FN:15,PhoneLoginPage
FN:24,(anonymous_7)
FN:30,(anonymous_8)
FN:46,(anonymous_9)
FN:57,(anonymous_10)
FN:86,(anonymous_11)
FN:96,(anonymous_12)
FN:135,(anonymous_13)
FN:151,(anonymous_14)
FN:179,(anonymous_15)
FNF:11
FNH:0
FNDA:0,(anonymous_5)
FNDA:0,PhoneLoginPage
FNDA:0,(anonymous_7)
FNDA:0,(anonymous_8)
FNDA:0,(anonymous_9)
FNDA:0,(anonymous_10)
FNDA:0,(anonymous_11)
FNDA:0,(anonymous_12)
FNDA:0,(anonymous_13)
FNDA:0,(anonymous_14)
FNDA:0,(anonymous_15)
DA:1,0
DA:2,0
DA:3,0
DA:4,0
DA:5,0
DA:7,0
DA:15,0
DA:16,0
DA:17,0
DA:18,0
DA:19,0
DA:20,0
DA:21,0
DA:24,0
DA:25,0
DA:26,0
DA:30,0
DA:31,0
DA:34,0
DA:35,0
DA:36,0
DA:39,0
DA:41,0
DA:46,0
DA:48,0
DA:49,0
DA:51,0
DA:52,0
DA:53,0
DA:57,0
DA:58,0
DA:61,0
DA:62,0
DA:63,0
DA:66,0
DA:68,0
DA:70,0
DA:76,0
DA:77,0
DA:78,0
DA:79,0
DA:83,0
DA:86,0
DA:87,0
DA:90,0
DA:91,0
DA:92,0
DA:96,0
DA:97,0
DA:98,0
DA:135,0
DA:151,0
DA:179,0
LF:53
LH:0
BRDA:7,0,0,0
BRDA:7,0,1,0
BRDA:25,1,0,0
BRDA:34,2,0,0
BRDA:61,3,0,0
BRDA:76,4,0,0
BRDA:116,5,0,0
BRDA:159,6,0,0
BRDA:203,7,0,0
BRDA:212,8,0,0
BRDA:222,9,0,0
BRF:11
BRH:0
end_of_record
TN:
SF:pages\quiz.tsx
FN:76,QuizPage
FN:93,(anonymous_6)
FN:96,(anonymous_7)
FN:102,(anonymous_8)
FN:112,(anonymous_9)
FN:122,(anonymous_10)
FN:134,(anonymous_11)
FN:164,(anonymous_12)
FN:197,(anonymous_13)
FN:209,(anonymous_14)
FN:213,(anonymous_15)
FN:219,(anonymous_16)
FN:233,(anonymous_17)
FN:236,(anonymous_18)
FN:249,(anonymous_19)
FN:254,(anonymous_20)
FN:261,(anonymous_21)
FN:314,(anonymous_22)
FN:384,(anonymous_23)
FN:408,(anonymous_24)
FNF:20
FNH:0
FNDA:0,QuizPage
FNDA:0,(anonymous_6)
FNDA:0,(anonymous_7)
FNDA:0,(anonymous_8)
FNDA:0,(anonymous_9)
FNDA:0,(anonymous_10)
FNDA:0,(anonymous_11)
FNDA:0,(anonymous_12)
FNDA:0,(anonymous_13)
FNDA:0,(anonymous_14)
FNDA:0,(anonymous_15)
FNDA:0,(anonymous_16)
FNDA:0,(anonymous_17)
FNDA:0,(anonymous_18)
FNDA:0,(anonymous_19)
FNDA:0,(anonymous_20)
FNDA:0,(anonymous_21)
FNDA:0,(anonymous_22)
FNDA:0,(anonymous_23)
FNDA:0,(anonymous_24)
DA:1,0
DA:2,0
DA:3,0
DA:4,0
DA:5,0
DA:6,0
DA:25,0
DA:76,0
DA:77,0
DA:78,0
DA:79,0
DA:80,0
DA:81,0
DA:82,0
DA:83,0
DA:85,0
DA:86,0
DA:87,0
DA:88,0
DA:90,0
DA:93,0
DA:94,0
DA:96,0
DA:97,0
DA:102,0
DA:103,0
DA:104,0
DA:105,0
DA:106,0
DA:107,0
DA:108,0
DA:109,0
DA:112,0
DA:113,0
DA:114,0
DA:115,0
DA:116,0
DA:117,0
DA:122,0
DA:123,0
DA:124,0
DA:125,0
DA:129,0
DA:134,0
DA:135,0
DA:136,0
DA:137,0
DA:139,0
DA:140,0
DA:141,0
DA:144,0
DA:145,0
DA:146,0
DA:147,0
DA:150,0
DA:152,0
DA:153,0
DA:154,0
DA:156,0
DA:157,0
DA:160,0
DA:161,0
DA:162,0
DA:164,0
DA:165,0
DA:166,0
DA:167,0
DA:170,0
DA:171,0
DA:174,0
DA:175,0
DA:177,0
DA:178,0
DA:184,0
DA:189,0
DA:190,0
DA:193,0
DA:197,0
DA:198,0
DA:200,0
DA:201,0
DA:202,0
DA:208,0
DA:209,0
DA:212,0
DA:213,0
DA:216,0
DA:219,0
DA:221,0
DA:222,0
DA:223,0
DA:227,0
DA:228,0
DA:231,0
DA:233,0
DA:236,0
DA:239,0
DA:241,0
DA:243,0
DA:246,0
DA:249,0
DA:250,0
DA:253,0
DA:254,0
DA:255,0
DA:256,0
DA:261,0
DA:262,0
DA:263,0
DA:315,0
DA:385,0
DA:408,0
LF:112
LH:0
BRDA:103,0,0,0
BRDA:104,1,0,0
BRDA:104,1,1,0
BRDA:105,2,0,0
BRDA:113,3,0,0
BRDA:116,4,0,0
BRDA:124,5,0,0
BRDA:144,6,0,0
BRDA:144,6,1,0
BRDA:145,7,0,0
BRDA:152,8,0,0
BRDA:156,9,0,0
BRDA:165,10,0,0
BRDA:177,11,0,0
BRDA:189,12,0,0
BRDA:200,13,0,0
BRDA:208,14,0,0
BRDA:212,15,0,0
BRDA:221,16,0,0
BRDA:231,17,0,0
BRDA:231,17,1,0
BRDA:233,18,0,0
BRDA:233,18,1,0
BRDA:239,19,0,0
BRDA:239,19,1,0
BRDA:241,20,0,0
BRDA:241,20,1,0
BRDA:253,21,0,0
BRDA:289,22,0,0
BRDA:289,22,1,0
BRDA:309,23,0,0
BRDA:325,24,0,0
BRDA:329,25,0,0
BRDA:329,25,1,0
BRDA:340,26,0,0
BRDA:350,27,0,0
BRDA:350,27,1,0
BRDA:353,28,0,0
BRDA:358,29,0,0
BRDA:358,29,1,0
BRDA:380,30,0,0
BRDA:403,31,0,0
BRDA:403,31,1,0
BRF:43
BRH:0
end_of_record
TN:
SF:pages\test-interface.js
FN:3,TestInterface
FN:7,(anonymous_2)
FN:9,(anonymous_3)
FN:13,(anonymous_4)
FN:39,(anonymous_5)
FN:39,(anonymous_6)
FNF:6
FNH:0
FNDA:0,TestInterface
FNDA:0,(anonymous_2)
FNDA:0,(anonymous_3)
FNDA:0,(anonymous_4)
FNDA:0,(anonymous_5)
FNDA:0,(anonymous_6)
DA:1,0
DA:3,0
DA:4,0
DA:5,0
DA:7,0
DA:9,0
DA:10,0
DA:13,0
DA:39,0
LF:9
LH:0
BRDA:71,0,0,0
BRDA:71,0,1,0
BRDA:72,1,0,0
BRDA:72,1,1,0
BRF:4
BRH:0
end_of_record
TN:
SF:pages\api\auth\[...nextauth].ts
FN:19,(anonymous_4)
FN:47,(anonymous_5)
FN:96,(anonymous_6)
FN:108,(anonymous_7)
FNF:4
FNH:0
FNDA:0,(anonymous_4)
FNDA:0,(anonymous_5)
FNDA:0,(anonymous_6)
FNDA:0,(anonymous_7)
DA:1,0
DA:2,0
DA:9,0
DA:22,0
DA:23,0
DA:35,0
DA:50,0
DA:52,0
DA:55,0
DA:65,0
DA:75,0
DA:97,0
DA:98,0
DA:99,0
DA:100,0
DA:101,0
DA:102,0
DA:104,0
DA:109,0
DA:111,0
DA:112,0
DA:113,0
DA:114,0
DA:115,0
DA:117,0
DA:128,0
LF:26
LH:0
BRDA:22,0,0,0
BRDA:22,1,0,0
BRDA:22,1,1,0
BRDA:50,2,0,0
BRDA:72,3,0,0
BRDA:72,3,1,0
BRDA:97,4,0,0
BRDA:109,5,0,0
BRDA:109,6,0,0
BRDA:109,6,1,0
BRDA:111,7,0,0
BRDA:111,7,1,0
BRDA:112,8,0,0
BRDA:112,8,1,0
BRDA:113,9,0,0
BRDA:113,9,1,0
BRDA:114,10,0,0
BRDA:114,10,1,0
BRDA:115,11,0,0
BRDA:115,11,1,0
BRDA:125,12,0,0
BRDA:125,12,1,0
BRF:22
BRH:0
end_of_record
TN:
SF:pages\api\onboarding\voice.ts
FN:7,handler
FN:61,extractNameFromTranscript
FN:78,(anonymous_3)
FN:85,(anonymous_4)
FNF:4
FNH:0
FNDA:0,handler
FNDA:0,extractNameFromTranscript
FNDA:0,(anonymous_3)
FNDA:0,(anonymous_4)
DA:7,0
DA:9,0
DA:10,0
DA:13,0
DA:14,0
DA:16,0
DA:17,0
DA:21,0
DA:23,0
DA:24,0
DA:28,0
DA:32,0
DA:50,0
DA:51,0
DA:62,0
DA:65,0
DA:73,0
DA:74,0
DA:75,0
DA:77,0
DA:78,0
DA:84,0
DA:85,0
DA:86,0
DA:87,0
DA:92,0
DA:93,0
DA:97,0
DA:98,0
DA:99,0
DA:100,0
DA:101,0
DA:106,0
LF:33
LH:0
BRDA:9,0,0,0
BRDA:16,1,0,0
BRDA:23,2,0,0
BRDA:75,3,0,0
BRDA:75,4,0,0
BRDA:75,4,1,0
BRDA:86,5,0,0
BRDA:87,6,0,0
BRDA:87,6,1,0
BRDA:87,6,2,0
BRDA:92,7,0,0
BRDA:92,8,0,0
BRDA:92,8,1,0
BRDA:97,9,0,0
BRDA:99,10,0,0
BRDA:99,11,0,0
BRDA:99,11,1,0
BRF:17
BRH:0
end_of_record
TN:
SF:pages\api\users\[id]\xp.ts
FN:7,handler
FNF:1
FNH:0
FNDA:0,handler
DA:7,0
DA:9,0
DA:10,0
DA:14,0
DA:16,0
DA:17,0
DA:20,0
DA:21,0
DA:23,0
DA:24,0
DA:28,0
DA:29,0
DA:30,0
DA:31,0
DA:36,0
DA:37,0
DA:38,0
DA:39,0
DA:42,0
DA:45,0
DA:46,0
DA:55,0
DA:56,0
DA:64,0
DA:76,0
DA:77,0
LF:26
LH:0
BRDA:9,0,0,0
BRDA:16,1,0,0
BRDA:16,2,0,0
BRDA:16,2,1,0
BRDA:23,3,0,0
BRDA:28,4,0,0
BRDA:30,5,0,0
BRDA:45,6,0,0
BRDA:55,7,0,0
BRDA:66,8,0,0
BRDA:66,8,1,0
BRF:11
BRH:0
end_of_record
TN:
SF:pages\onboarding\index.tsx
FN:18,OnboardingPage
FN:26,(anonymous_6)
FN:32,(anonymous_7)
FN:37,(anonymous_8)
FN:70,(anonymous_9)
FN:75,(anonymous_10)
FN:87,(anonymous_11)
FN:106,(anonymous_12)
FN:134,(anonymous_13)
FN:141,(anonymous_14)
FNF:10
FNH:0
FNDA:0,OnboardingPage
FNDA:0,(anonymous_6)
FNDA:0,(anonymous_7)
FNDA:0,(anonymous_8)
FNDA:0,(anonymous_9)
FNDA:0,(anonymous_10)
FNDA:0,(anonymous_11)
FNDA:0,(anonymous_12)
FNDA:0,(anonymous_13)
FNDA:0,(anonymous_14)
DA:1,0
DA:2,0
DA:3,0
DA:4,0
DA:5,0
DA:6,0
DA:18,0
DA:19,0
DA:20,0
DA:21,0
DA:22,0
DA:23,0
DA:26,0
DA:27,0
DA:28,0
DA:32,0
DA:33,0
DA:37,0
DA:38,0
DA:40,0
DA:41,0
DA:44,0
DA:45,0
DA:47,0
DA:49,0
DA:55,0
DA:56,0
DA:57,0
DA:58,0
DA:59,0
DA:62,0
DA:63,0
DA:65,0
DA:70,0
DA:71,0
DA:75,0
DA:76,0
DA:87,0
DA:106,0
DA:134,0
DA:141,0
LF:41
LH:0
BRDA:38,0,0,0
BRDA:55,1,0,0
BRDA:55,1,1,0
BRDA:58,2,0,0
BRDA:111,3,0,0
BRDA:140,4,0,0
BRDA:140,4,1,0
BRDA:189,5,0,0
BRDA:189,5,1,0
BRDA:190,6,0,0
BRDA:190,6,1,0
BRDA:190,7,0,0
BRDA:190,7,1,0
BRDA:190,7,2,0
BRDA:191,8,0,0
BRDA:191,8,1,0
BRDA:191,9,0,0
BRDA:191,9,1,0
BRDA:192,10,0,0
BRDA:192,10,1,0
BRDA:199,11,0,0
BRDA:199,11,1,0
BRF:22
BRH:0
end_of_record
TN:
SF:utils\api.ts
FN:7,(anonymous_10)
FN:50,parseApiError
FN:138,apiRequest
FN:145,(anonymous_13)
FN:171,(anonymous_14)
FN:188,get
FN:204,post
FN:220,put
FN:236,del
FNF:9
FNH:0
FNDA:0,(anonymous_10)
FNDA:0,parseApiError
FNDA:0,apiRequest
FNDA:0,(anonymous_13)
FNDA:0,(anonymous_14)
FNDA:0,get
FNDA:0,post
FNDA:0,put
FNDA:0,del
DA:1,0
DA:4,0
DA:7,0
DA:41,0
DA:50,0
DA:51,0
DA:52,0
DA:55,0
DA:56,0
DA:63,0
DA:64,0
DA:72,0
DA:73,0
DA:75,0
DA:77,0
DA:85,0
DA:93,0
DA:101,0
DA:109,0
DA:117,0
DA:128,0
DA:138,0
DA:142,0
DA:143,0
DA:145,0
DA:146,0
DA:147,0
DA:153,0
DA:158,0
DA:162,0
DA:166,0
DA:167,0
DA:168,0
DA:171,0
DA:172,0
DA:175,0
DA:182,0
DA:188,0
DA:193,0
DA:204,0
DA:209,0
DA:220,0
DA:225,0
DA:236,0
DA:240,0
LF:45
LH:0
BRDA:4,0,0,0
BRDA:4,0,1,0
BRDA:7,1,0,0
BRDA:7,1,1,0
BRDA:51,2,0,0
BRDA:55,3,0,0
BRDA:63,4,0,0
BRDA:75,5,0,0
BRDA:75,5,1,0
BRDA:75,5,2,0
BRDA:75,5,3,0
BRDA:75,5,4,0
BRDA:75,5,5,0
BRDA:120,6,0,0
BRDA:120,6,1,0
BRDA:130,7,0,0
BRDA:130,7,1,0
BRDA:140,8,0,0
BRDA:162,9,0,0
BRDA:162,9,1,0
BRDA:162,9,2,0
BRDA:162,9,3,0
BRDA:166,10,0,0
BRDA:191,11,0,0
BRDA:207,12,0,0
BRDA:223,13,0,0
BRDA:238,14,0,0
BRF:27
BRH:0
end_of_record
TN:
SF:utils\assert.ts
FN:8,assert
FN:17,assertDefined
FN:26,hasProperty
FN:36,safeAccess
FN:43,tryCatchAsync
FN:47,(anonymous_11)
FNF:6
FNH:0
FNDA:0,assert
FNDA:0,assertDefined
FNDA:0,hasProperty
FNDA:0,safeAccess
FNDA:0,tryCatchAsync
FNDA:0,(anonymous_11)
DA:8,0
DA:9,0
DA:10,0
DA:17,0
DA:18,0
DA:19,0
DA:26,0
DA:30,0
DA:36,0
DA:37,0
DA:43,0
DA:47,0
DA:48,0
DA:49,0
DA:51,0
DA:53,0
LF:16
LH:0
BRDA:9,0,0,0
BRDA:18,1,0,0
BRDA:18,2,0,0
BRDA:18,2,1,0
BRDA:37,3,0,0
BRDA:37,3,1,0
BRDA:48,4,0,0
BRDA:48,4,1,0
BRF:8
BRH:0
end_of_record
TN:
SF:utils\errorBoundary.tsx
FN:15,(anonymous_4)
FN:20,(anonymous_5)
FN:24,(anonymous_6)
FN:31,(anonymous_7)
FN:39,(anonymous_8)
FNF:5
FNH:0
FNDA:0,(anonymous_4)
FNDA:0,(anonymous_5)
FNDA:0,(anonymous_6)
FNDA:0,(anonymous_7)
FNDA:0,(anonymous_8)
DA:1,0
DA:14,0
DA:16,0
DA:17,0
DA:21,0
DA:25,0
DA:26,0
DA:28,0
DA:32,0
DA:39,0
DA:47,0
LF:11
LH:0
BRDA:25,0,0,0
BRDA:32,1,0,0
BRDA:33,2,0,0
BRF:3
BRH:0
end_of_record
